[    0.000000] Initializing cgroup subsys cpuset
[    0.000000] Initializing cgroup subsys cpu
[    0.000000] Initializing cgroup subsys cpuacct
[    0.000000] Linux version 4.4.0-197-generic (buildd@lcy01-amd64-026) (gcc version 5.4.0 20160609 (Ubuntu 5.4.0-6ubuntu1~16.04.12) ) #229-Ubuntu SMP Wed Nov 25 11:05:42 UTC 2020 (Ubuntu 4.4.0-197.229-generic 4.4.241)
[    0.000000] Command line: BOOT_IMAGE=/boot/vmlinuz-4.4.0-197-generic root=LABEL=cloudimg-rootfs ro console=tty1 console=ttyS0
[    0.000000] KERNEL supported cpus:
[    0.000000]   Intel GenuineIntel
[    0.000000]   AMD AuthenticAMD
[    0.000000]   Centaur CentaurHauls
[    0.000000] x86/fpu: xstate_offset[2]:  576, xstate_sizes[2]:  256
[    0.000000] x86/fpu: Supporting XSAVE feature 0x01: 'x87 floating point registers'
[    0.000000] x86/fpu: Supporting XSAVE feature 0x02: 'SSE registers'
[    0.000000] x86/fpu: Supporting XSAVE feature 0x04: 'AVX registers'
[    0.000000] x86/fpu: Enabled xstate features 0x7, context size is 832 bytes, using 'standard' format.
[    0.000000] e820: BIOS-provided physical RAM map:
[    0.000000] BIOS-e820: [mem 0x0000000000000000-0x000000000009fbff] usable
[    0.000000] BIOS-e820: [mem 0x000000000009fc00-0x000000000009ffff] reserved
[    0.000000] BIOS-e820: [mem 0x00000000000f0000-0x00000000000fffff] reserved
[    0.000000] BIOS-e820: [mem 0x0000000000100000-0x000000003ffeffff] usable
[    0.000000] BIOS-e820: [mem 0x000000003fff0000-0x000000003fffffff] ACPI data
[    0.000000] BIOS-e820: [mem 0x00000000fec00000-0x00000000fec00fff] reserved
[    0.000000] BIOS-e820: [mem 0x00000000fee00000-0x00000000fee00fff] reserved
[    0.000000] BIOS-e820: [mem 0x00000000fffc0000-0x00000000ffffffff] reserved
[    0.000000] NX (Execute Disable) protection: active
[    0.000000] SMBIOS 2.5 present.
[    0.000000] Hypervisor detected: KVM
[    0.000000] e820: last_pfn = 0x3fff0 max_arch_pfn = 0x400000000
[    0.000000] MTRR: Disabled
[    0.000000] x86/PAT: MTRRs disabled, skipping PAT initialization too.
[    0.000000] CPU MTRRs all blank - virtualized system.
[    0.000000] x86/PAT: Configuration [0-7]: WB  WT  UC- UC  WB  WT  UC- UC  
[    0.000000] found SMP MP-table at [mem 0x0009fff0-0x0009ffff] mapped at [ffff88000009fff0]
[    0.000000] Scanning 1 areas for low memory corruption
[    0.000000] RAMDISK: [mem 0x362de000-0x37166fff]
[    0.000000] ACPI: Early table checksum verification disabled
[    0.000000] ACPI: RSDP 0x00000000000E0000 000024 (v02 VBOX  )
[    0.000000] ACPI: XSDT 0x000000003FFF0030 00003C (v01 VBOX   VBOXXSDT 00000001 ASL  00000061)
[    0.000000] ACPI: FACP 0x000000003FFF00F0 0000F4 (v04 VBOX   VBOXFACP 00000001 ASL  00000061)
[    0.000000] ACPI: DSDT 0x000000003FFF0470 002325 (v02 VBOX   VBOXBIOS 00000002 INTL 20120111)
[    0.000000] ACPI: FACS 0x000000003FFF0200 000040
[    0.000000] ACPI: FACS 0x000000003FFF0200 000040
[    0.000000] ACPI: APIC 0x000000003FFF0240 00005C (v02 VBOX   VBOXAPIC 00000001 ASL  00000061)
[    0.000000] ACPI: SSDT 0x000000003FFF02A0 0001CC (v01 VBOX   VBOXCPUT 00000002 INTL 20120111)
[    0.000000] No NUMA configuration found
[    0.000000] Faking a node at [mem 0x0000000000000000-0x000000003ffeffff]
[    0.000000] NODE_DATA(0) allocated [mem 0x3ffeb000-0x3ffeffff]
[    0.000000] kvm-clock: Using msrs 4b564d01 and 4b564d00
[    0.000000] kvm-clock: cpu 0, msr 0:3ffe3001, primary cpu clock
[    0.000000] kvm-clock: using sched offset of 3823626766 cycles
[    0.000000] clocksource: kvm-clock: mask: 0xffffffffffffffff max_cycles: 0x1cd42e4dffb, max_idle_ns: 881590591483 ns
[    0.000000] Zone ranges:
[    0.000000]   DMA      [mem 0x0000000000001000-0x0000000000ffffff]
[    0.000000]   DMA32    [mem 0x0000000001000000-0x000000003ffeffff]
[    0.000000]   Normal   empty
[    0.000000]   Device   empty
[    0.000000] Movable zone start for each node
[    0.000000] Early memory node ranges
[    0.000000]   node   0: [mem 0x0000000000001000-0x000000000009efff]
[    0.000000]   node   0: [mem 0x0000000000100000-0x000000003ffeffff]
[    0.000000] Initmem setup node 0 [mem 0x0000000000001000-0x000000003ffeffff]
[    0.000000] ACPI: PM-Timer IO Port: 0x4008
[    0.000000] IOAPIC[0]: apic_id 2, version 32, address 0xfec00000, GSI 0-23
[    0.000000] ACPI: INT_SRC_OVR (bus 0 bus_irq 0 global_irq 2 dfl dfl)
[    0.000000] ACPI: INT_SRC_OVR (bus 0 bus_irq 9 global_irq 9 low level)
[    0.000000] Using ACPI (MADT) for SMP configuration information
[    0.000000] smpboot: Allowing 2 CPUs, 0 hotplug CPUs
[    0.000000] PM: Registered nosave memory: [mem 0x00000000-0x00000fff]
[    0.000000] PM: Registered nosave memory: [mem 0x0009f000-0x0009ffff]
[    0.000000] PM: Registered nosave memory: [mem 0x000a0000-0x000effff]
[    0.000000] PM: Registered nosave memory: [mem 0x000f0000-0x000fffff]
[    0.000000] e820: [mem 0x40000000-0xfebfffff] available for PCI devices
[    0.000000] Booting paravirtualized kernel on KVM
[    0.000000] clocksource: refined-jiffies: mask: 0xffffffff max_cycles: 0xffffffff, max_idle_ns: 7645519600211568 ns
[    0.000000] setup_percpu: NR_CPUS:512 nr_cpumask_bits:512 nr_cpu_ids:2 nr_node_ids:1
[    0.000000] PERCPU: Embedded 33 pages/cpu @ffff88003fc00000 s95512 r8192 d31464 u1048576
[    0.000000] Built 1 zonelists in Node order, mobility grouping on.  Total pages: 257912
[    0.000000] Policy zone: DMA32
[    0.000000] Kernel command line: BOOT_IMAGE=/boot/vmlinuz-4.4.0-197-generic root=LABEL=cloudimg-rootfs ro console=tty1 console=ttyS0
[    0.000000] PID hash table entries: 4096 (order: 3, 32768 bytes)
[    0.000000] Memory: 997652K/1048120K available (8637K kernel code, 1347K rwdata, 4032K rodata, 1492K init, 1296K bss, 50468K reserved, 0K cma-reserved)
[    0.000000] SLUB: HWalign=64, Order=0-3, MinObjects=0, CPUs=2, Nodes=1
[    0.000000] Kernel/User page tables isolation: enabled
[    0.000000] Hierarchical RCU implementation.
[    0.000000] 	Build-time adjustment of leaf fanout to 64.
[    0.000000] 	RCU restricting CPUs from NR_CPUS=512 to nr_cpu_ids=2.
[    0.000000] RCU: Adjusting geometry for rcu_fanout_leaf=64, nr_cpu_ids=2
[    0.000000] NR_IRQS:33024 nr_irqs:440 16
[    0.000000] Console: colour VGA+ 80x25
[    0.000000] console [tty1] enabled
[    0.000000] console [ttyS0] enabled
[    0.000000] tsc: Detected 2399.998 MHz processor
[    0.156505] Calibrating delay loop (skipped) preset value.. 4799.99 BogoMIPS (lpj=9599992)
[    0.158240] pid_max: default: 32768 minimum: 301
[    0.159189] ACPI: Core revision 20150930
[    0.160776] ACPI: 2 ACPI AML tables successfully acquired and loaded
[    0.162312] Security Framework initialized
[    0.163611] Yama: becoming mindful.
[    0.164380] AppArmor: AppArmor initialized
[    0.165583] Dentry cache hash table entries: 131072 (order: 8, 1048576 bytes)
[    0.168839] Inode-cache hash table entries: 65536 (order: 7, 524288 bytes)
[    0.170664] Mount-cache hash table entries: 2048 (order: 2, 16384 bytes)
[    0.172740] Mountpoint-cache hash table entries: 2048 (order: 2, 16384 bytes)
[    0.174301] Initializing cgroup subsys io
[    0.175239] Initializing cgroup subsys memory
[    0.176611] Initializing cgroup subsys devices
[    0.177637] Initializing cgroup subsys freezer
[    0.179469] Initializing cgroup subsys net_cls
[    0.181182] Initializing cgroup subsys perf_event
[    0.182842] Initializing cgroup subsys net_prio
[    0.184665] Initializing cgroup subsys hugetlb
[    0.185705] Initializing cgroup subsys pids
[    0.201501] mce: CPU supports 0 MCE banks
[    0.202884] Last level iTLB entries: 4KB 64, 2MB 8, 4MB 8
[    0.204144] Last level dTLB entries: 4KB 64, 2MB 0, 4MB 0, 1GB 4
[    0.206857] Spectre V1 : Mitigation: usercopy/swapgs barriers and __user pointer sanitization
[    0.208625] Spectre V2 : Mitigation: Full generic retpoline
[    0.209683] Spectre V2 : Spectre v2 / SpectreRSB mitigation: Filling RSB on context switch
[    0.212261] Speculative Store Bypass: Vulnerable
[    0.213948] SRBDS: Unknown: Dependent on hypervisor status
[    0.215356] MDS: Mitigation: Clear CPU buffers
[    0.218650] Freeing SMP alternatives memory: 36K
[    0.225246] ftrace: allocating 32346 entries in 127 pages
[    0.279375] smpboot: APIC(0) Converting physical 0 to logical package 0
[    0.281954] smpboot: Max logical packages: 1
[    0.283051] x2apic enabled
[    0.284166] Switched APIC routing to physical x2apic.
[    0.286063] ..TIMER: vector=0x30 apic1=0 pin1=2 apic2=-1 pin2=-1
[    0.396455] smpboot: CPU0: Intel(R) Core(TM) i5-8279U CPU @ 2.40GHz (family: 0x6, model: 0x8e, stepping: 0xa)
[    0.399906] Performance Events: unsupported p6 CPU model 142 no PMU driver, software events only.
[    0.411141] KVM setup paravirtual spinlock
[    0.414099] x86: Booting SMP configuration:
[    0.415274] .... node  #0, CPUs:      #1
[    0.416250] kvm-clock: cpu 1, msr 0:3ffe3041, secondary cpu clock
[    0.429379] mce: CPU supports 0 MCE banks
[    0.432413] x86: Booted up 1 node, 2 CPUs
[    0.434495] smpboot: Total of 2 processors activated (9599.99 BogoMIPS)
[    0.436356] devtmpfs: initialized
[    0.439070] evm: security.selinux
[    0.439806] evm: security.SMACK64
[    0.440671] evm: security.SMACK64EXEC
[    0.441468] evm: security.SMACK64TRANSMUTE
[    0.442313] evm: security.SMACK64MMAP
[    0.443195] evm: security.ima
[    0.443841] evm: security.capability
[    0.444943] clocksource: jiffies: mask: 0xffffffff max_cycles: 0xffffffff, max_idle_ns: 7645041785100000 ns
[    0.448324] futex hash table entries: 512 (order: 3, 32768 bytes)
[    0.449718] pinctrl core: initialized pinctrl subsystem
[    0.451201] RTC time:  8:12:03, date: 03/12/21
[    0.452469] NET: Registered protocol family 16
[    0.468893] cpuidle: using governor ladder
[    0.480888] cpuidle: using governor menu
[    0.482721] PCCT header not found.
[    0.484060] ACPI: bus type PCI registered
[    0.485810] acpiphp: ACPI Hot Plug PCI Controller Driver version: 0.5
[    0.487727] PCI: Using configuration type 1 for base access
[    0.501240] ACPI: Added _OSI(Module Device)
[    0.502352] ACPI: Added _OSI(Processor Device)
[    0.503508] ACPI: Added _OSI(3.0 _SCP Extensions)
[    0.504479] ACPI: Added _OSI(Processor Aggregator Device)
[    0.506344] ACPI: Executed 1 blocks of module-level executable AML code
[    0.509371] ACPI: Interpreter enabled
[    0.510496] ACPI: (supports S0 S5)
[    0.511884] ACPI: Using IOAPIC for interrupt routing
[    0.513929] PCI: Using host bridge windows from ACPI; if necessary, use "pci=nocrs" and report a bug
[    0.520697] ACPI: PCI Root Bridge [PCI0] (domain 0000 [bus 00-ff])
[    0.522003] acpi PNP0A03:00: _OSC: OS supports [ASPM ClockPM Segments MSI]
[    0.523570] acpi PNP0A03:00: _OSC: not requesting OS control; OS requires [ExtendedConfig ASPM ClockPM MSI]
[    0.525569] acpi PNP0A03:00: fail to add MMCONFIG information, can't access extended PCI configuration space under this bridge.
[    0.528276] PCI host bridge to bus 0000:00
[    0.529788] pci_bus 0000:00: root bus resource [io  0x0000-0x0cf7 window]
[    0.531524] pci_bus 0000:00: root bus resource [io  0x0d00-0xffff window]
[    0.532813] pci_bus 0000:00: root bus resource [mem 0x000a0000-0x000bffff window]
[    0.534678] pci_bus 0000:00: root bus resource [mem 0x40000000-0xfdffffff window]
[    0.536244] pci_bus 0000:00: root bus resource [bus 00-ff]
[    0.540218] pci 0000:00:01.1: legacy IDE quirk: reg 0x10: [io  0x01f0-0x01f7]
[    0.541639] pci 0000:00:01.1: legacy IDE quirk: reg 0x14: [io  0x03f6]
[    0.542894] pci 0000:00:01.1: legacy IDE quirk: reg 0x18: [io  0x0170-0x0177]
[    0.552422] pci 0000:00:01.1: legacy IDE quirk: reg 0x1c: [io  0x0376]
[    0.566064] pci 0000:00:07.0: quirk: [io  0x4000-0x403f] claimed by PIIX4 ACPI
[    0.568280] pci 0000:00:07.0: quirk: [io  0x4100-0x410f] claimed by PIIX4 SMB
[    0.578261] ACPI: PCI Interrupt Link [LNKA] (IRQs 5 9 10 *11)
[    0.580704] ACPI: PCI Interrupt Link [LNKB] (IRQs 5 9 *10 11)
[    0.582269] ACPI: PCI Interrupt Link [LNKC] (IRQs 5 *9 10 11)
[    0.583787] ACPI: PCI Interrupt Link [LNKD] (IRQs 5 9 10 *11)
[    0.585486] ACPI: Enabled 2 GPEs in block 00 to 07
[    0.587314] vgaarb: setting as boot device: PCI:0000:00:02.0
[    0.588487] vgaarb: device added: PCI:0000:00:02.0,decodes=io+mem,owns=io+mem,locks=none
[    0.590175] vgaarb: loaded
[    0.590893] vgaarb: bridge control possible 0000:00:02.0
[    0.592244] SCSI subsystem initialized
[    0.593192] ACPI: bus type USB registered
[    0.594048] usbcore: registered new interface driver usbfs
[    0.595128] usbcore: registered new interface driver hub
[    0.596239] usbcore: registered new device driver usb
[    0.598300] PCI: Using ACPI for IRQ routing
[    0.601118] NetLabel: Initializing
[    0.601865] NetLabel:  domain hash size = 128
[    0.602760] NetLabel:  protocols = UNLABELED CIPSOv4
[    0.603819] NetLabel:  unlabeled traffic allowed by default
[    0.605150] amd_nb: Cannot enumerate AMD northbridges
[    0.608127] clocksource: Switched to clocksource kvm-clock
[    0.616951] AppArmor: AppArmor Filesystem Enabled
[    0.618006] pnp: PnP ACPI init
[    0.619756] pnp: PnP ACPI: found 3 devices
[    0.628741] clocksource: acpi_pm: mask: 0xffffff max_cycles: 0xffffff, max_idle_ns: 2085701024 ns
[    0.631529] NET: Registered protocol family 2
[    0.632609] TCP established hash table entries: 8192 (order: 4, 65536 bytes)
[    0.633963] TCP bind hash table entries: 8192 (order: 5, 131072 bytes)
[    0.635314] TCP: Hash tables configured (established 8192 bind 8192)
[    0.636578] UDP hash table entries: 512 (order: 2, 16384 bytes)
[    0.637772] UDP-Lite hash table entries: 512 (order: 2, 16384 bytes)
[    0.639052] NET: Registered protocol family 1
[    0.639970] pci 0000:00:00.0: Limiting direct PCI/PCI transfers
[    0.641174] pci 0000:00:01.0: Activating ISA DMA hang workarounds
[    0.642502] Unpacking initramfs...
[    0.892543] Freeing initrd memory: 14884K
[    0.894043] clocksource: tsc: mask: 0xffffffffffffffff max_cycles: 0x229835b7123, max_idle_ns: 440795242976 ns
[    0.896710] platform rtc_cmos: registered platform RTC device (no PNP device found)
[    0.900298] Scanning for low memory corruption every 60 seconds
[    0.902252] audit: initializing netlink subsys (disabled)
[    0.903356] audit: type=2000 audit(1615536728.724:1): initialized
[    0.905640] Initialise system trusted keyring
[    0.907493] HugeTLB registered 2 MB page size, pre-allocated 0 pages
[    0.909966] zbud: loaded
[    0.911502] VFS: Disk quotas dquot_6.6.0
[    0.912817] VFS: Dquot-cache hash table entries: 512 (order 0, 4096 bytes)
[    0.914932] squashfs: version 4.0 (2009/01/31) Phillip Lougher
[    0.917309] fuse init (API version 7.23)
[    0.918643] Key type big_key registered
[    0.919568] Allocating IMA MOK and blacklist keyrings.
[    0.921862] Key type asymmetric registered
[    0.922754] Asymmetric key parser 'x509' registered
[    0.923890] Block layer SCSI generic (bsg) driver version 0.4 loaded (major 249)
[    0.925576] io scheduler noop registered
[    0.926487] io scheduler deadline registered (default)
[    0.927578] io scheduler cfq registered
[    0.928500] pci_hotplug: PCI Hot Plug PCI Core version: 0.5
[    0.929629] pciehp: PCI Express Hot Plug Controller Driver version: 0.4
[    0.931957] ACPI: AC Adapter [AC] (on-line)
[    0.932939] input: Power Button as /devices/LNXSYSTM:00/LNXPWRBN:00/input/input0
[    0.934482] ACPI: Power Button [PWRF]
[    0.935330] input: Sleep Button as /devices/LNXSYSTM:00/LNXSLPBN:00/input/input1
[    0.937302] ACPI: Sleep Button [SLPF]
[    0.939376] ACPI: Battery Slot [BAT0] (battery present)
[    0.941617] GHES: HEST is not enabled!
[    0.942501] Serial: 8250/16550 driver, 32 ports, IRQ sharing enabled
[    0.964422] 00:02: ttyS0 at I/O 0x3f8 (irq = 4, base_baud = 115200) is a 16550A
[    0.967632] Linux agpgart interface v0.103
[    0.970294] loop: module loaded
[    0.971493] scsi host0: ata_piix
[    0.972575] scsi host1: ata_piix
[    0.973500] ata1: PATA max UDMA/33 cmd 0x1f0 ctl 0x3f6 bmdma 0xd000 irq 14
[    0.975352] ata2: PATA max UDMA/33 cmd 0x170 ctl 0x376 bmdma 0xd008 irq 15
[    0.976809] libphy: Fixed MDIO Bus: probed
[    0.977695] tun: Universal TUN/TAP device driver, 1.6
[    0.978866] tun: (C) 1999-2004 Max Krasnyansky <maxk@qualcomm.com>
[    0.980836] PPP generic driver version 2.4.2
[    0.981820] ehci_hcd: USB 2.0 'Enhanced' Host Controller (EHCI) Driver
[    0.983333] ehci-pci: EHCI PCI platform driver
[    0.985124] ehci-platform: EHCI generic platform driver
[    0.986327] ohci_hcd: USB 1.1 'Open' Host Controller (OHCI) Driver
[    0.987910] ohci-pci: OHCI PCI platform driver
[    0.989146] ohci-platform: OHCI generic platform driver
[    0.990438] uhci_hcd: USB Universal Host Controller Interface driver
[    0.991956] i8042: PNP: PS/2 Controller [PNP0303:PS2K,PNP0f03:PS2M] at 0x60,0x64 irq 1,12
[    0.994201] serio: i8042 KBD port at 0x60,0x64 irq 1
[    0.995319] serio: i8042 AUX port at 0x60,0x64 irq 12
[    0.996966] mousedev: PS/2 mouse device common for all mice
[    0.998851] rtc_cmos rtc_cmos: rtc core: registered rtc_cmos as rtc0
[    1.000771] rtc_cmos rtc_cmos: alarms up to one day, 114 bytes nvram
[    1.002477] i2c /dev entries driver
[    1.003293] input: AT Translated Set 2 keyboard as /devices/platform/i8042/serio0/input/input2
[    1.007727] device-mapper: uevent: version 1.0.3
[    1.009206] device-mapper: ioctl: 4.34.0-ioctl (2015-10-28) initialised: dm-devel@redhat.com
[    1.011128] ledtrig-cpu: registered to indicate activity on CPUs
[    1.013500] NET: Registered protocol family 10
[    1.014752] NET: Registered protocol family 17
[    1.015928] Key type dns_resolver registered
[    1.017651] registered taskstats version 1
[    1.018774] Loading compiled-in X.509 certificates
[    1.020563] Loaded X.509 cert 'Build time autogenerated kernel key: 34492021b4051d5295bb5f61ac4b8fe0de34ccb2'
[    1.022632] zswap: loaded using pool lzo/zbud
[    1.025321] Key type trusted registered
[    1.028951] Key type encrypted registered
[    1.030547] AppArmor: AppArmor sha1 policy hashing enabled
[    1.031882] ima: No TPM chip found, activating TPM-bypass!
[    1.032997] ima: Allocated hash algorithm: sha1
[    1.033946] evm: HMAC attrs: 0x1
[    1.035042]   Magic number: 13:895:219
[    1.035906] rtc_cmos rtc_cmos: setting system clock to 2021-03-12 08:12:03 UTC (1615536723)
[    1.037868] BIOS EDD facility v0.16 2004-Jun-25, 0 devices found
[    1.039126] EDD information not available.
[    1.157554] Freeing unused kernel memory: 1492K
[    1.158767] Write protecting the kernel read-only data: 14336k
[    1.160258] Freeing unused kernel memory: 1592K
[    1.161390] Freeing unused kernel memory: 64K
Loading, please wait...
starting version 229
[    1.176377] random: systemd-udevd: uninitialized urandom read (16 bytes read, 3 bits of entropy available)
[    1.176930] random: udevadm: uninitialized urandom read (16 bytes read, 3 bits of entropy available)
[    1.176954] random: udevadm: uninitialized urandom read (16 bytes read, 3 bits of entropy available)
[    1.183906] random: systemd-udevd: uninitialized urandom read (16 bytes read, 3 bits of entropy available)
[    1.185439] random: udevadm: uninitialized urandom read (16 bytes read, 3 bits of entropy available)
[    1.185498] random: udevadm: uninitialized urandom read (16 bytes read, 3 bits of entropy available)
[    1.185640] random: udevadm: uninitialized urandom read (16 bytes read, 3 bits of entropy available)
[    1.185686] random: udevadm: uninitialized urandom read (16 bytes read, 3 bits of entropy available)
[    1.185731] random: udevadm: uninitialized urandom read (16 bytes read, 3 bits of entropy available)
[    1.185776] random: udevadm: uninitialized urandom read (16 bytes read, 3 bits of entropy available)
[    1.241937] e1000: Intel(R) PRO/1000 Network Driver - version 7.3.21-k8-NAPI
[    1.243859] e1000: Copyright (c) 1999-2006 Intel Corporation.
[    1.247562] Fusion MPT base driver 3.04.20
[    1.248990] Copyright (c) 1999-2008 LSI Corporation
[    1.255942] Fusion MPT SPI Host driver 3.04.20
[    1.269342] AVX2 version of gcm_enc/dec engaged.
[    1.270854] AES CTR mode by8 optimization enabled
[    1.461275] input: ImExPS/2 Generic Explorer Mouse as /devices/platform/i8042/serio1/input/input4
[    1.659162] e1000 0000:00:03.0 eth0: (PCI:33MHz:32-bit) 02:8b:9b:7c:43:4a
[    1.661014] e1000 0000:00:03.0 eth0: Intel(R) PRO/1000 Network Connection
[    1.663512] mptbase: ioc0: Initiating bringup
[    1.728949] ioc0: LSI53C1030 A0: Capabilities={Initiator}
[    1.894425] scsi host2: ioc0: LSI53C1030 A0, FwRev=00000000h, Ports=1, MaxQ=256, IRQ=20
[    2.008493] scsi 2:0:0:0: Direct-Access     VBOX     HARDDISK         1.0  PQ: 0 ANSI: 5
[    2.010681] scsi target2:0:0: Beginning Domain Validation
[    2.016040] scsi target2:0:0: Domain Validation skipping write tests
[    2.017644] scsi target2:0:0: Ending Domain Validation
[    2.018786] scsi target2:0:0: asynchronous
[    2.020198] scsi 2:0:1:0: Direct-Access     VBOX     HARDDISK         1.0  PQ: 0 ANSI: 5
[    2.022146] scsi target2:0:1: Beginning Domain Validation
[    2.024780] scsi target2:0:1: Domain Validation skipping write tests
[    2.026387] scsi target2:0:1: Ending Domain Validation
[    2.028058] scsi target2:0:1: asynchronous
[    2.061216] sd 2:0:0:0: [sda] 20971520 512-byte logical blocks: (10.7 GB/10.0 GiB)
[    2.065073] sd 2:0:0:0: Attached scsi generic sg0 type 0
[    2.068398] sd 2:0:1:0: [sdb] 20480 512-byte logical blocks: (10.5 MB/10.0 MiB)
[    2.071354] sd 2:0:1:0: Attached scsi generic sg1 type 0
[    2.073886] sd 2:0:1:0: [sdb] Write Protect is off
[    2.075762] sd 2:0:0:0: [sda] Write Protect is off
[    2.077230] sd 2:0:1:0: [sdb] Incomplete mode parameter data
[    2.078390] sd 2:0:1:0: [sdb] Assuming drive cache: write through
[    2.081404] sd 2:0:0:0: [sda] Incomplete mode parameter data
[    2.083669] sd 2:0:0:0: [sda] Assuming drive cache: write through
[    2.087827]  sda: sda1
[    2.090168] sd 2:0:1:0: [sdb] Attached SCSI disk
[    2.093191] sd 2:0:0:0: [sda] Attached SCSI disk
[    2.461718] e1000 0000:00:08.0 eth1: (PCI:33MHz:32-bit) 08:00:27:1a:08:50
[    2.465865] e1000 0000:00:08.0 eth1: Intel(R) PRO/1000 Network Connection
[    2.469228] e1000 0000:00:03.0 enp0s3: renamed from eth0
[    2.480699] e1000 0000:00:08.0 enp0s8: renamed from eth1
Begin: Loading essential drivers ... [    3.950666] md: linear personality registered for level -1
[    3.954247] md: multipath personality registered for level -4
[    3.958297] md: raid0 personality registered for level 0
[    3.963515] md: raid1 personality registered for level 1
[    4.036199] raid6: sse2x1   gen() 12021 MB/s
[    4.104165] raid6: sse2x1   xor()  8500 MB/s
[    4.175320] raid6: sse2x2   gen() 15158 MB/s
[    4.244203] raid6: sse2x2   xor() 10250 MB/s
[    4.312296] raid6: sse2x4   gen() 16813 MB/s
[    4.380637] raid6: sse2x4   xor() 11694 MB/s
[    4.448278] raid6: avx2x1   gen() 20407 MB/s
[    4.516309] raid6: avx2x2   gen() 27568 MB/s
[    4.584280] raid6: avx2x4   gen() 21573 MB/s
[    4.585720] raid6: using algorithm avx2x2 gen() 27568 MB/s
[    4.587745] raid6: using avx2x2 recovery algorithm
[    4.591136] xor: automatically using best checksumming function:
[    4.632465]    avx       : 19863.000 MB/sec
[    4.634706] async_tx: api initialized (async)
[    4.648612] md: raid6 personality registered for level 6
[    4.651032] md: raid5 personality registered for level 5
[    4.652961] md: raid4 personality registered for level 4
[    4.664522] md: raid10 personality registered for level 10
done.
Begin: Running /scripts/init-premount ... done.
Begin: Mounting root file system ... Begin: Running /scripts/local-top ... done.
Begin: Running /scripts/local-premount ... [    4.697396] Btrfs loaded
Scanning for Btrfs filesystems
done.
Warning: fsck not present, so skipping root file system
[    4.721376] EXT4-fs (sda1): mounted filesystem with ordered data mode. Opts: (null)
done.
Begin: Running /scripts/local-bottom ... done.
Begin: Running /scripts/init-bottom ... done.
[    4.836769] systemd[1]: systemd 229 running in system mode. (+PAM +AUDIT +SELINUX +IMA +APPARMOR +SMACK +SYSVINIT +UTMP +LIBCRYPTSETUP +GCRYPT +GNUTLS +ACL +XZ -LZ4 +SECCOMP +BLKID +ELFUTILS +KMOD -IDN)
[    4.840655] systemd[1]: Detected virtualization oracle.
[    4.841697] systemd[1]: Detected architecture x86-64.

Welcome to [1mUbuntu 16.04.7 LTS[0m!

[    4.845721] systemd[1]: Set hostname to <ubuntu>.
[    4.849646] systemd[1]: Initializing machine ID from random generator.
[    4.851185] systemd[1]: Installed transient /etc/machine-id file.
[    4.969230] systemd[1]: Listening on Journal Audit Socket.
[[0;32m  OK  [0m] Listening on Journal Audit Socket.
[    4.972717] systemd[1]: Listening on udev Control Socket.
[[0;32m  OK  [0m] Listening on udev Control Socket.
[    4.974891] systemd[1]: Listening on Syslog Socket.
[[0;32m  OK  [0m] Listening on Syslog Socket.
[    4.976884] systemd[1]: Listening on Device-mapper event daemon FIFOs.
[[0;32m  OK  [0m] Listening on Device-mapper event daemon FIFOs.
[    4.979451] systemd[1]: Reached target Swap.
[[0;32m  OK  [0m] Reached target Swap.
[    4.982308] systemd[1]: Listening on Journal Socket (/dev/log).
[[0;32m  OK  [0m] Listening on Journal Socket (/dev/log).
[    4.984782] systemd[1]: Set up automount Arbitrary Executable File Formats File System Automount Point.
[[0;32m  OK  [0m] Set up automount Arbitrary Executab...ats File System Automount Point.
[    4.989992] systemd[1]: Reached target Encrypted Volumes.
[[0;32m  OK  [0m] Reached target Encrypted Volumes.
[    4.993178] systemd[1]: Listening on LVM2 metadata daemon socket.
[[0;32m  OK  [0m] Listening on LVM2 metadata daemon socket.
[    4.996466] systemd[1]: Started Forward Password Requests to Wall Directory Watch.
[[0;32m  OK  [0m] Started Forward Password Requests to Wall Directory Watch.
[    4.999791] systemd[1]: Reached target System Time Synchronized.
[[0;32m  OK  [0m] Reached target System Time Synchronized.
[    5.002470] systemd[1]: Created slice User and Session Slice.
[[0;32m  OK  [0m] Created slice User and Session Slice.
[    5.005190] systemd[1]: Listening on LVM2 poll daemon socket.
[[0;32m  OK  [0m] Listening on LVM2 poll daemon socket.
[    5.007553] systemd[1]: Listening on udev Kernel Socket.
[[0;32m  OK  [0m] Listening on udev Kernel Socket.
[    5.009697] systemd[1]: Reached target User and Group Name Lookups.
[[0;32m  OK  [0m] Reached target User and Group Name Lookups.
[    5.012217] systemd[1]: Listening on Journal Socket.
[[0;32m  OK  [0m] Listening on Journal Socket.
[    5.014891] systemd[1]: Listening on /dev/initctl Compatibility Named Pipe.
[[0;32m  OK  [0m] Listening on /dev/initctl Compatibility Named Pipe.
[    5.017721] systemd[1]: Created slice System Slice.
[[0;32m  OK  [0m] Created slice System Slice.
[    5.032883] systemd[1]: Starting Load Kernel Modules...
         Starting Load Kernel Modules...
[    5.036556] systemd[1]: Starting Set console keymap...
         Starting Set console keymap...
[    5.040812] systemd[1]: Starting Journal Service...
         Starting Journal Service...
[    5.043919] Loading iSCSI transport class v2.0-870.
[    5.043985] systemd[1]: Starting Create list of required static device nodes for the current kernel...
         Starting Create list of required st... nodes for the current kernel...
[    5.050729] systemd[1]: Starting Uncomplicated firewall...
         Starting Uncomplicated firewall...
[    5.053361] systemd[1]: Created slice system-serial\x2dgetty.slice.
[[0;32m  OK  [0m] Created slice system-serial\x2dgetty.slice.
[    5.056956] systemd[1]: Mounting Huge Pages File System...
         Mounting Huge Pages File System...
[    5.060717] systemd[1]: Starting Nameserver information manager...
         Starting Nameserver information manager...
[    5.065178] systemd[1]: Mounting Debug File System...
         Mounting Debug File System...[    5.069684] iscsi: registered transport (tcp)

[    5.071593] systemd[1]: Starting Monitoring of LVM2 mirrors, snapshots etc. using dmeventd or progress polling...
         Starting Monitoring of LVM2 mirrors... dmeventd or progress polling...
[    5.076266] systemd[1]: Starting Remount Root and Kernel File Systems...
         Starting Remount Root and Kernel File Systems...
[    5.080388] systemd[1]: Mounting POSIX Message Queue File System...
         Mounting POSIX Message Queue File System...
[    5.086634] systemd[1]: Reached target Slices.
[[0;32m  OK  [0m] Reached target Slices.
[    5.092357] systemd[1]: Started Trigger resolvconf update for networkd DNS.
[[0;32m  OK  [0m] Started Trigger resolvconf update for networkd DNS.
[    5.096989] EXT4-fs (sda1): re-mounted. Opts: (null)
[    5.114300] iscsi: registered transport (iser)
[    5.116907] systemd[1]: Mounted POSIX Message Queue File System.
[[0;32m  OK  [0m] Mounted POSIX Message Queue File System.
[    5.119290] systemd[1]: Mounted Debug File System.
[[0;32m  OK  [0m] Mounted Debug File System.
[    5.121715] systemd[1]: Mounted Huge Pages File System.
[[0;32m  OK  [0m] Mounted Huge Pages File System.
[    5.128530] systemd[1]: Started Journal Service.
[[0;32m  OK  [0m] Started Journal Service.
[[0;32m  OK  [0m] Started Load Kernel Modules.
[[0;32m  OK  [0m] Started Set console keymap.
[[0;32m  OK  [0m] Started Create list of required sta...ce nodes for the current kernel.
[[0;32m  OK  [0m] Started Uncomplicated firewall.
[[0;32m  OK  [0m] Started Remount Root and Kernel File Systems.
[[0;32m  OK  [0m] Started LVM2 metadata daemon.
         Starting Load/Save Random Seed...
         Starting udev Coldplug all Devices...
         Starting Create Static Device Nodes in /dev...
         Mounting FUSE Control File System...
         Starting Apply Kernel Variables...
         Starting Flush Journal to Persistent Storage...
[[0;32m  OK  [0m] Mounted FUSE Control File System.
[[0;32m  OK  [0m] Started Nameserver information manager.
[[0;32m  OK  [0m] Started Load/Save Random Seed.
[[0;32m  OK  [0m] Started Apply Kernel Variables.
[[0;32m  OK  [0m] Started Flush Journal to Persistent Storage.
[[0;32m  OK  [0m] Started Create Static Device Nodes in /dev.
         Starting udev Kernel Device Manager...
[[0;32m  OK  [0m] Started Monitoring of LVM2 mirrors,...ng dmeventd or progress polling.
[[0;32m  OK  [0m] Reached target Local File Systems (Pre).
[[0;32m  OK  [0m] Reached target Local File Systems.
         Starting LSB: AppArmor initialization...
         Starting Create Volatile Files and Directories...
         Starting Commit a transient machine-id on disk...
         Starting Set console font and keymap...
         Starting Tell Plymouth To Write Out Runtime Data...
         Starting Initial cloud-init job (pre-networking)...
[[0;32m  OK  [0m] Started udev Kernel Device Manager.
[[0;32m  OK  [0m] Started Create Volatile Files and Directories.
         Starting Update UTMP about System Boot/Shutdown...
[[0;32m  OK  [0m] Started Tell Plymouth To Write Out Runtime Data.
[[0;32m  OK  [0m] Started Update UTMP about System Boot/Shutdown.
[[0;32m  OK  [0m] Started Commit a transient machine-id on disk.
[[0;32m  OK  [0m] Started udev Coldplug all Devices.
[[0;32m  OK  [0m] Started Dispatch Password Requests to Console Directory Watch.
[[0;32m  OK  [0m] Found device /dev/ttyS0.
[[0;32m  OK  [0m] Started Set console font and keymap.
[[0;32m  OK  [0m] Created slice system-getty.slice.
[[0;32m  OK  [0m] Listening on Load/Save RF Kill Switch Status /dev/rfkill Watch.
[    6.312943] [[0;32m  OK  [0m] Started LSB: AppArmor initialization.
cloud-init[491]: Cloud-init v. 20.3-2-g371b392c-0ubuntu1~16.04.1 running 'init-local' at Fri, 12 Mar 2021 08:12:08 +0000. Up 5.90 seconds.
         Starting Load AppArmor profiles managed internally by snapd...
[[0;32m  OK  [0m] Started Load AppArmor profiles managed internally by snapd.
[[0;32m  OK  [0m] Started Initial cloud-init job (pre-networking).
[[0;32m  OK  [0m] Reached target Network (Pre).
         Starting Raise network interfaces...
[[0;32m  OK  [0m] Started Raise network interfaces.
[[0;32m  OK  [0m] Reached target Network.
         Starting Initial cloud-init job (metadata service crawler)...
[    7.309277] cloud-init[956]: Cloud-init v. 20.3-2-g371b392c-0ubuntu1~16.04.1 running 'init' at Fri, 12 Mar 2021 08:12:09 +0000. Up 6.88 seconds.
[    7.313372] cloud-init[956]: ci-info: ++++++++++++++++++++++++++++++++++++++Net device info+++++++++++++++++++++++++++++++++++++++
[    7.316915] cloud-init[956]: ci-info: +--------+-------+----------------------------+---------------+--------+-------------------+
[    7.319672] cloud-init[956]: ci-info: | Device |   Up  |          Address           |      Mask     | Scope  |     Hw-Address    |
[    7.323202] cloud-init[956]: ci-info: +--------+-------+----------------------------+---------------+--------+-------------------+
[    7.326058] cloud-init[956]: ci-info: | enp0s3 |  True |         10.0.2.15          | 255.255.255.0 | global | 02:8b:9b:7c:43:4a |
[    7.328354] cloud-init[956]: ci-info: | enp0s3 |  True | fe80::8b:9bff:fe7c:434a/64 |       .       |  link  | 02:8b:9b:7c:43:4a |
[    7.331016] cloud-init[956]: ci-info: | enp0s8 | False |             .              |       .       |   .    | 08:00:27:1a:08:50 |
[    7.333408] cloud-init[956]: ci-info: |   lo   |  True |         127.0.0.1          |   255.0.0.0   |  host  |         .         |
[    7.335466] cloud-init[956]: ci-info: |   lo   |  True |          ::1/128           |       .       |  host  |         .         |
[    7.337887] cloud-init[956]: ci-info: +--------+-------+----------------------------+---------------+--------+-------------------+
[    7.340687] cloud-init[956]: ci-info: +++++++++++++++++++++++++++Route IPv4 info++++++++++++++++++++++++++++
[    7.342457] cloud-init[956]: ci-info: +-------+-------------+----------+---------------+-----------+-------+
[    7.344102] cloud-init[956]: ci-info: | Route | Destination | Gateway  |    Genmask    | Interface | Flags |
[    7.345754] cloud-init[956]: ci-info: +-------+-------------+----------+---------------+-----------+-------+
[    7.348586] cloud-init[956]: ci-info: |   0   |   0.0.0.0   | 10.0.2.2 |    0.0.0.0    |   enp0s3  |   UG  |
[    7.351196] cloud-init[956]: ci-info: |   1   |   10.0.2.0  | 0.0.0.0  | 255.255.255.0 |   enp0s3  |   U   |
[    7.353056] cloud-init[956]: ci-info: +-------+-------------+----------+---------------+-----------+-------+
[    7.354953] cloud-init[956]: ci-info: +++++++++++++++++++Route IPv6 info+++++++++++++++++++
[    7.356614] cloud-init[956]: ci-info: +-------+-------------+---------+-----------+-------+
[    7.358182] cloud-init[956]: ci-info: | Route | Destination | Gateway | Interface | Flags |
[    7.359737] cloud-init[956]: ci-info: +-------+-------------+---------+-----------+-------+
[    7.361359] cloud-init[956]: ci-info: |   0   |  fe80::/64  |    ::   |   enp0s3  |   U   |
[    7.363515] cloud-init[956]: ci-info: |   3   |   ff00::/8  |    ::   |   enp0s3  |   U   |
[    7.366514] cloud-init[956]: ci-info: +-------+-------------+---------+-----------+-------+
[    7.368884] cloud-init[956]: Generating public/private rsa key pair.
[    7.370368] cloud-init[956]: Your identification has been saved in /etc/ssh/ssh_host_rsa_key.
[    7.372635] cloud-init[956]: Your public key has been saved in /etc/ssh/ssh_host_rsa_key.pub.
[    7.374353] cloud-init[956]: The key fingerprint is:
[    7.375434] cloud-init[956]: SHA256:ESxbC+21nTSJTt3cVL14mfj//zWF0mp9yYzz+BMFD5g root@ubuntu-xenial
[    7.377082] cloud-init[956]: The key's randomart image is:
[    7.378206] cloud-init[956]: +---[RSA 2048]----+
[    7.384826] cloud-init[956]: |       o.  o * o=|
[    7.392914] cloud-init[956]: |      o +.+ E = o|
[    7.393678] cloud-init[956]: |       *.= + oo++|
[    7.394457] cloud-init[956]: |      . o.o o+ *o|
[    7.395769] cloud-init[956]: |        S   . = o|
[    7.397327] cloud-init[956]: |             ++oo|
[    7.398266] cloud-init[956]: |            oo.==|
[    7.399845] cloud-init[956]: |           .  +o+|
[    7.401602] cloud-init[956]: |             ..oO|
[    7.408863] cloud-init[956]: +----[SHA256]-----+
[    7.416372] cloud-init[956]: Generating public/private dsa key pair.
[    7.417382] cloud-init[956]: Your identification has been saved in /etc/ssh/ssh_host_dsa_key.
[[0;32m  OK  [0m] Started Initial cloud-init job (metadata service crawler).
[    7.422206] cloud-init[956]: Your public key has been saved in /etc/ssh/ssh_host_dsa_key.pub.
[    7.424334] cloud-init[956]: The key fingerprint is:
[    7.424888] cloud-init[956]: SHA256:c8YD9hR/oUOsgf8Z0a3T4bjaV2CWXv1x7VcvvgeYRSM root@ubuntu-xenial
[    7.424941] cloud-init[956]: The key's randomart image is:
[    7.425267] cloud-init[956]: +---[DSA 1024]----+
[    7.425340] cloud-init[956]: |         ....... |
[    7.426209] cloud-init[956]: |        . .+E.+o.|
[    7.427191] cloud-init[956]: |        o..o+++=+|
[    7.427734] [[0;32m  OK  [0m] Reached target System Initialization.
[[0;32m  OK  [0m] Started Daily apt download activities.
cloud-init[956]: |       . =o .+OoB|
         Starting LXD - unix socket.
[[0;32m  OK  [0m] Listening on UUID daemon activation socket.
[[0;32m  OK  [0m] Started Message of the Day.
[[0;32m  OK  [0m] Started Daily apt upgrade and clean activities.
[[0;32m  OK  [0m] Listening on ACPID Listen Socket.
[[0;32m  OK  [0m] Listening on D-Bus System Message Bus Socket.
[    7.447272] cloud-init[956]: |        S *. X.=*|
[    7.464625] cloud-init[956]: |         + .=.+ *|
[    7.465980] cloud-init[956]: |            o. oo|
[[0;32m  OK  [0m] Started ACPI Events Check.
[[0;32m  OK  [0m] Reached target Paths.
         Starting Socket activation for snappy daemon.
[[0;32m  OK  [0m] Started Daily Cleanup of Temporary Directories.
[[0;32m  OK  [0m] Reached target Timers.
[[0;32m  OK  [0m] Reached target Cloud-config availability.
[[0;32m  OK  [0m] Reached target Network is Online.
[    7.469831] cloud-init[956]: |           . ....|
[    7.477079] cloud-init[956]: |              oo |
[    7.478155] cloud-init[956]: +----[SHA256]-----+
[    7.480234] cloud-init[956]: Generating public/private ecdsa key pair.
[    7.489127]          Starting iSCSI initiator daemon (iscsid)...
[[0;32m  OK  [0m] Listening on LXD - unix socket.
[[0;32m  OK  [0m] Listening on Socket activation for snappy daemon.
[[0;32m  OK  [0m] Reached target Sockets.
[[0;32m  OK  [0m] Reached target Basic System.
[[0;32m  OK  [0m] Started D-Bus System Message Bus.
cloud-init[956]: Your identification has been saved in /etc/ssh/ssh_host_ecdsa_key.
[    7.496417] cloud-init[956]: Your public key has been saved in /etc/ssh/ssh_host_ecdsa_key.pub.
[    7.500544] cloud-init[956]: The key fingerprint is:
[    7.502023] cloud-init[956]: SHA256:lgO98BYNRwzNfSnerQWgnG5kgUvyVCl4NLkR9pQI2jE root@ubuntu-xenial
[    7.505850] cloud-init[956]: The key's randomart image is:
[    7.507553] cloud-init[956]: +---[ECDSA 256]---+
[    7.508674] cloud-init[956]: |      E+B%*+.. . |
[    7.509759] cloud-init[956]: |     oo=XO*+o +  |
[    7.511156] cloud-init[956]: |    . +*o=O. + o |
[    7.512394] cloud-init[956]: |       ++B  . . o|
[    7.514396] cloud-init[956]: |        S o    o |
[    7.515839] cloud-init[956]: |       o o    .  |
[    7.517004] cloud-init[956]: |                 |
[    7.518123] cloud-init[956]: |                 |
[    7.519393] cloud-init[956]: |                 |
[    7.520504] cloud-init[956]: +----[SHA256]-----+
[    7.521648] cloud-init[956]: Generating public/private ed25519 key pair.
[    7.523346] cloud-init[956]: Your identification has been saved in /etc/ssh/ssh_host_ed25519_key.
[    7.525662] cloud-init[956]: Your public key has been saved in /etc/ssh/ssh_host_ed25519_key.pub.
[    7.527922] cloud-init[956]: The key fingerprint is:
[    7.536327] cloud-init[956]: SHA256:4bhTu0ZNKbzLHwoRMYIRKw5JUk+dKqkgcyqRzEmI0Hg root@ubuntu-xenial
[    7.538423] cloud-init[956]: The key's randomart image is:
[    7.539812] cloud-init[956]: +--[ED25519 256]--+
[    7.540787] cloud-init[956]: |*=++o.o.         |
[    7.541716] cloud-init[956]: |*oE+ .oo         |
         Starting LXD - container startup/shutdown...
         Starting Login Service...
[    7.549287] cloud-init[956]:          Starting Accounts Service...
|Boo......  .     |[[0;32m  OK  [0m] Started Regular background program processing daemon.
         Starting System Logging Service...
         Starting Pollinate to seed the pseudo random number generator...
         Starting LSB: Record successful boot for GRUB...
         Starting /etc/rc.local Compatibility...
[[0;32m  OK  [0m] Started Deferred execution scheduler.
         Starting Virtualbox guest utils...
         Starting Snap Daemon...
         Starting LSB: MD monitoring daemon...
[[0;32m  OK  [0m] Started ACPI event daemon.
[[0;32m  OK  [0m] Started FUSE filesystem for LXC.
[[0;32m  OK  [0m] Started /etc/rc.local Compatibility.

[    7.593479] [[0;32m  OK  [0m] Started Login Service.
cloud-init[956]: |O=+ .  +o.o      |
[    7.595669] cloud-init[956]: |oB .  o S=       |
[    7.598285] cloud-init[956]: |+      +o..      |
[    7.600010] cloud-init[956]: |.     +o...      |
[    7.601462] cloud-init[956]: |       o+o .     |[[0;32m  OK  [0m] Started Unattended Upgrades Shutdown.
[[0;32m  OK  [0m] Started System Logging Service.
[[0;32m  OK  [0m] Started iSCSI initiator daemon (iscsid).
         Starting Login to default iSCSI targets...

[    7.624567] cloud-init[956]: |       .o..      |
[    7.636401] [[0;32m  OK  [0m] Started Login to default iSCSI targets.
[[0;32m  OK  [0m] Reached target Remote File Systems (Pre).
cloud-init[956]: +----[SHA256]-----+
[[0;32m  OK  [0m] Reached target Remote File Systems.
         Starting LSB: daemon to balance interrupts for SMP systems...
         Starting Permit User Sessions...
         Starting LSB: automatic crash report generation...
         Starting LSB: Set the CPU Frequency Scaling governor to "ondemand"...
[[0;32m  OK  [0m] Started Permit User Sessions.
         Starting Hold until boot process finishes up...
         Starting Terminate Plymouth Boot Screen...
[[0;32m  OK  [0m] Started Hold until boot process finishes up.
[[0;32m  OK  [0m] Started Getty on tty1.
[[0;32m  OK  [0m] Started Serial Getty on ttyS0.
[[0;32m  OK  [0m] Reached target Login Prompts.
         Starting Set console scheme...
[[0;32m  OK  [0m] Started Terminate Plymouth Boot Screen.
[[0;32m  OK  [0m] Started Set console scheme.
[[0;32m  OK  [0m] Started LSB: Set the CPU Frequency Scaling governor to "ondemand".
         Starting Authenticate and Authorize Users to Run Privileged Tasks...
[[0;32m  OK  [0m] Started LSB: MD monitoring daemon.
[[0;32m  OK  [0m] Started LSB: daemon to balance interrupts for SMP systems.
[[0;32m  OK  [0m] Started LSB: Record successful boot for GRUB.
[[0;32m  OK  [0m] Started LSB: automatic crash report generation.
[[0;32m  OK  [0m] Started LXD - container startup/shutdown.
[[0;32m  OK  [0m] Started Virtualbox guest utils.
[[0;32m  OK  [0m] Started Authenticate and Authorize Users to Run Privileged Tasks.
[[0;32m  OK  [0m] Started Accounts Service.
[[0;32m  OK  [0m] Started Snap Daemon.
         Starting Wait until snapd is fully seeded...
[[0;32m  OK  [0m] Started Pollinate to seed the pseudo random number generator.
         Starting OpenBSD Secure Shell server...
[[0;32m  OK  [0m] Started OpenBSD Secure Shell server.
[[0;32m  OK  [0m] Created slice User Slice of vagrant.
         Starting User Manager for UID 1000...
[[0;32m  OK  [0m] Started Session 1 of user vagrant.
[[0;32m  OK  [0m] Started User Manager for UID 1000.
[   13.646727] cloud-init[1512]: Generating locales (this might take a while)...

Ubuntu 16.04.7 LTS ubuntu-xenial ttyS0

ubuntu-xenial login: [   14.367679] cloud-init[1512]:   en_US.UTF-8... done
[   14.368788] cloud-init[1512]: Generation complete.
[   14.643554] cloud-init[1512]: Cloud-init v. 20.3-2-g371b392c-0ubuntu1~16.04.1 running 'modules:config' at Fri, 12 Mar 2021 08:12:16 +0000. Up 13.49 seconds.
ci-info: no authorized SSH keys fingerprints found for user ubuntu.
<14>Mar 12 08:12:17 ec2: 
<14>Mar 12 08:12:17 ec2: #############################################################
<14>Mar 12 08:12:17 ec2: -----BEGIN SSH HOST KEY FINGERPRINTS-----
<14>Mar 12 08:12:17 ec2: 1024 SHA256:c8YD9hR/oUOsgf8Z0a3T4bjaV2CWXv1x7VcvvgeYRSM root@ubuntu-xenial (DSA)
<14>Mar 12 08:12:17 ec2: 256 SHA256:lgO98BYNRwzNfSnerQWgnG5kgUvyVCl4NLkR9pQI2jE root@ubuntu-xenial (ECDSA)
<14>Mar 12 08:12:17 ec2: 256 SHA256:4bhTu0ZNKbzLHwoRMYIRKw5JUk+dKqkgcyqRzEmI0Hg root@ubuntu-xenial (ED25519)
<14>Mar 12 08:12:17 ec2: 2048 SHA256:ESxbC+21nTSJTt3cVL14mfj//zWF0mp9yYzz+BMFD5g root@ubuntu-xenial (RSA)
<14>Mar 12 08:12:17 ec2: -----END SSH HOST KEY FINGERPRINTS-----
<14>Mar 12 08:12:17 ec2: #############################################################
-----BEGIN SSH HOST KEY KEYS-----
ecdsa-sha2-nistp256 AAAAE2VjZHNhLXNoYTItbmlzdHAyNTYAAAAIbmlzdHAyNTYAAABBBMokGr2xoNSpmO2ZNFyBlITfsL55mVj+mZYp1swVik77DkUEUDB/CuFs8JciMpVoRnxZRbl72m8KFItJbm9Hu4Y= root@ubuntu-xenial
ssh-ed25519 AAAAC3NzaC1lZDI1NTE5AAAAIBXSiqbE4lXAjeKAZPx7Hckj3sTNzEu6fFUcAMPcUhe4 root@ubuntu-xenial
ssh-rsa AAAAB3NzaC1yc2EAAAADAQABAAABAQDLy4Y/g1mteucZyzHo/jKfRjgQxDswR9Jti4RHlXheNrr4Ns/DDn2RYQkVlUJwGUt+IorMIjLc4onSEfPlKLzwZfi7XrR1ACsg2vRmwzdRZHyI6BoMXzpu5DN81/JdmPrJStzA7TwD/NIUu89dNrl9v00ihPRRo5KfCZJxtxrsNh0doe6oEP1mTOmAI3YPsRFHb+Cpzwe/dne4oCgzQ3LYBluHRVYTFn9/EqQ/2+z9J4PZPrJZJm9yr0HfIxb8NBBf4LD0iEKjo0k2v1DPosPTou6KiQrWmoEySc4ot/lLzesbneRWEnjt8/dfFlEfgHsLBbdrrXCrNwLtdU1Bv0+V root@ubuntu-xenial
-----END SSH HOST KEY KEYS-----
[   15.145078] cloud-init[1660]: Cloud-init v. 20.3-2-g371b392c-0ubuntu1~16.04.1 running 'modules:final' at Fri, 12 Mar 2021 08:12:17 +0000. Up 14.94 seconds.
[   15.145327] cloud-init[1660]: ci-info: no authorized SSH keys fingerprints found for user ubuntu.
[   15.147182] cloud-init[1660]: Cloud-init v. 20.3-2-g371b392c-0ubuntu1~16.04.1 finished at Fri, 12 Mar 2021 08:12:17 +0000. Datasource DataSourceNoCloud [seed=/dev/sdb][dsmode=net].  Up 15.13 seconds
[    0.000000] Initializing cgroup subsys cpuset
[    0.000000] Initializing cgroup subsys cpu
[    0.000000] Initializing cgroup subsys cpuacct
[    0.000000] Linux version 4.4.0-197-generic (buildd@lcy01-amd64-026) (gcc version 5.4.0 20160609 (Ubuntu 5.4.0-6ubuntu1~16.04.12) ) #229-Ubuntu SMP Wed Nov 25 11:05:42 UTC 2020 (Ubuntu 4.4.0-197.229-generic 4.4.241)
[    0.000000] Command line: BOOT_IMAGE=/boot/vmlinuz-4.4.0-197-generic root=LABEL=cloudimg-rootfs ro console=tty1 console=ttyS0
[    0.000000] KERNEL supported cpus:
[    0.000000]   Intel GenuineIntel
[    0.000000]   AMD AuthenticAMD
[    0.000000]   Centaur CentaurHauls
[    0.000000] x86/fpu: xstate_offset[2]:  576, xstate_sizes[2]:  256
[    0.000000] x86/fpu: Supporting XSAVE feature 0x01: 'x87 floating point registers'
[    0.000000] x86/fpu: Supporting XSAVE feature 0x02: 'SSE registers'
[    0.000000] x86/fpu: Supporting XSAVE feature 0x04: 'AVX registers'
[    0.000000] x86/fpu: Enabled xstate features 0x7, context size is 832 bytes, using 'standard' format.
[    0.000000] e820: BIOS-provided physical RAM map:
[    0.000000] BIOS-e820: [mem 0x0000000000000000-0x000000000009fbff] usable
[    0.000000] BIOS-e820: [mem 0x000000000009fc00-0x000000000009ffff] reserved
[    0.000000] BIOS-e820: [mem 0x00000000000f0000-0x00000000000fffff] reserved
[    0.000000] BIOS-e820: [mem 0x0000000000100000-0x000000003ffeffff] usable
[    0.000000] BIOS-e820: [mem 0x000000003fff0000-0x000000003fffffff] ACPI data
[    0.000000] BIOS-e820: [mem 0x00000000fec00000-0x00000000fec00fff] reserved
[    0.000000] BIOS-e820: [mem 0x00000000fee00000-0x00000000fee00fff] reserved
[    0.000000] BIOS-e820: [mem 0x00000000fffc0000-0x00000000ffffffff] reserved
[    0.000000] NX (Execute Disable) protection: active
[    0.000000] SMBIOS 2.5 present.
[    0.000000] Hypervisor detected: KVM
[    0.000000] e820: last_pfn = 0x3fff0 max_arch_pfn = 0x400000000
[    0.000000] MTRR: Disabled
[    0.000000] x86/PAT: MTRRs disabled, skipping PAT initialization too.
[    0.000000] CPU MTRRs all blank - virtualized system.
[    0.000000] x86/PAT: Configuration [0-7]: WB  WT  UC- UC  WB  WT  UC- UC  
[    0.000000] found SMP MP-table at [mem 0x0009fff0-0x0009ffff] mapped at [ffff88000009fff0]
[    0.000000] Scanning 1 areas for low memory corruption
[    0.000000] RAMDISK: [mem 0x362de000-0x37166fff]
[    0.000000] ACPI: Early table checksum verification disabled
[    0.000000] ACPI: RSDP 0x00000000000E0000 000024 (v02 VBOX  )
[    0.000000] ACPI: XSDT 0x000000003FFF0030 00003C (v01 VBOX   VBOXXSDT 00000001 ASL  00000061)
[    0.000000] ACPI: FACP 0x000000003FFF00F0 0000F4 (v04 VBOX   VBOXFACP 00000001 ASL  00000061)
[    0.000000] ACPI: DSDT 0x000000003FFF0470 002325 (v02 VBOX   VBOXBIOS 00000002 INTL 20120111)
[    0.000000] ACPI: FACS 0x000000003FFF0200 000040
[    0.000000] ACPI: FACS 0x000000003FFF0200 000040
[    0.000000] ACPI: APIC 0x000000003FFF0240 00005C (v02 VBOX   VBOXAPIC 00000001 ASL  00000061)
[    0.000000] ACPI: SSDT 0x000000003FFF02A0 0001CC (v01 VBOX   VBOXCPUT 00000002 INTL 20120111)
[    0.000000] No NUMA configuration found
[    0.000000] Faking a node at [mem 0x0000000000000000-0x000000003ffeffff]
[    0.000000] NODE_DATA(0) allocated [mem 0x3ffeb000-0x3ffeffff]
[    0.000000] kvm-clock: Using msrs 4b564d01 and 4b564d00
[    0.000000] kvm-clock: cpu 0, msr 0:3ffe3001, primary cpu clock
[    0.000000] kvm-clock: using sched offset of 3876293906 cycles
[    0.000000] clocksource: kvm-clock: mask: 0xffffffffffffffff max_cycles: 0x1cd42e4dffb, max_idle_ns: 881590591483 ns
[    0.000000] Zone ranges:
[    0.000000]   DMA      [mem 0x0000000000001000-0x0000000000ffffff]
[    0.000000]   DMA32    [mem 0x0000000001000000-0x000000003ffeffff]
[    0.000000]   Normal   empty
[    0.000000]   Device   empty
[    0.000000] Movable zone start for each node
[    0.000000] Early memory node ranges
[    0.000000]   node   0: [mem 0x0000000000001000-0x000000000009efff]
[    0.000000]   node   0: [mem 0x0000000000100000-0x000000003ffeffff]
[    0.000000] Initmem setup node 0 [mem 0x0000000000001000-0x000000003ffeffff]
[    0.000000] ACPI: PM-Timer IO Port: 0x4008
[    0.000000] IOAPIC[0]: apic_id 2, version 32, address 0xfec00000, GSI 0-23
[    0.000000] ACPI: INT_SRC_OVR (bus 0 bus_irq 0 global_irq 2 dfl dfl)
[    0.000000] ACPI: INT_SRC_OVR (bus 0 bus_irq 9 global_irq 9 low level)
[    0.000000] Using ACPI (MADT) for SMP configuration information
[    0.000000] smpboot: Allowing 2 CPUs, 0 hotplug CPUs
[    0.000000] PM: Registered nosave memory: [mem 0x00000000-0x00000fff]
[    0.000000] PM: Registered nosave memory: [mem 0x0009f000-0x0009ffff]
[    0.000000] PM: Registered nosave memory: [mem 0x000a0000-0x000effff]
[    0.000000] PM: Registered nosave memory: [mem 0x000f0000-0x000fffff]
[    0.000000] e820: [mem 0x40000000-0xfebfffff] available for PCI devices
[    0.000000] Booting paravirtualized kernel on KVM
[    0.000000] clocksource: refined-jiffies: mask: 0xffffffff max_cycles: 0xffffffff, max_idle_ns: 7645519600211568 ns
[    0.000000] setup_percpu: NR_CPUS:512 nr_cpumask_bits:512 nr_cpu_ids:2 nr_node_ids:1
[    0.000000] PERCPU: Embedded 33 pages/cpu @ffff88003fc00000 s95512 r8192 d31464 u1048576
[    0.000000] Built 1 zonelists in Node order, mobility grouping on.  Total pages: 257912
[    0.000000] Policy zone: DMA32
[    0.000000] Kernel command line: BOOT_IMAGE=/boot/vmlinuz-4.4.0-197-generic root=LABEL=cloudimg-rootfs ro console=tty1 console=ttyS0
[    0.000000] PID hash table entries: 4096 (order: 3, 32768 bytes)
[    0.000000] Memory: 997652K/1048120K available (8637K kernel code, 1347K rwdata, 4032K rodata, 1492K init, 1296K bss, 50468K reserved, 0K cma-reserved)
[    0.000000] SLUB: HWalign=64, Order=0-3, MinObjects=0, CPUs=2, Nodes=1
[    0.000000] Kernel/User page tables isolation: enabled
[    0.000000] Hierarchical RCU implementation.
[    0.000000] 	Build-time adjustment of leaf fanout to 64.
[    0.000000] 	RCU restricting CPUs from NR_CPUS=512 to nr_cpu_ids=2.
[    0.000000] RCU: Adjusting geometry for rcu_fanout_leaf=64, nr_cpu_ids=2
[    0.000000] NR_IRQS:33024 nr_irqs:440 16
[    0.000000] Console: colour VGA+ 80x25
[    0.000000] console [tty1] enabled
[    0.000000] console [ttyS0] enabled
[    0.000000] tsc: Detected 2399.998 MHz processor
[    0.157514] Calibrating delay loop (skipped) preset value.. 4799.99 BogoMIPS (lpj=9599992)
[    0.159806] pid_max: default: 32768 minimum: 301
[    0.160790] ACPI: Core revision 20150930
[    0.162271] ACPI: 2 ACPI AML tables successfully acquired and loaded
[    0.163882] Security Framework initialized
[    0.164858] Yama: becoming mindful.
[    0.166062] AppArmor: AppArmor initialized
[    0.166974] Dentry cache hash table entries: 131072 (order: 8, 1048576 bytes)
[    0.168765] Inode-cache hash table entries: 65536 (order: 7, 524288 bytes)
[    0.170758] Mount-cache hash table entries: 2048 (order: 2, 16384 bytes)
[    0.172140] Mountpoint-cache hash table entries: 2048 (order: 2, 16384 bytes)
[    0.173856] Initializing cgroup subsys io
[    0.176096] Initializing cgroup subsys memory
[    0.177262] Initializing cgroup subsys devices
[    0.178227] Initializing cgroup subsys freezer
[    0.179258] Initializing cgroup subsys net_cls
[    0.180235] Initializing cgroup subsys perf_event
[    0.181604] Initializing cgroup subsys net_prio
[    0.182542] Initializing cgroup subsys hugetlb
[    0.183449] Initializing cgroup subsys pids
[    0.197126] mce: CPU supports 0 MCE banks
[    0.198175] Last level iTLB entries: 4KB 64, 2MB 8, 4MB 8
[    0.199329] Last level dTLB entries: 4KB 64, 2MB 0, 4MB 0, 1GB 4
[    0.200483] Spectre V1 : Mitigation: usercopy/swapgs barriers and __user pointer sanitization
[    0.202296] Spectre V2 : Mitigation: Full generic retpoline
[    0.203408] Spectre V2 : Spectre v2 / SpectreRSB mitigation: Filling RSB on context switch
[    0.205897] Speculative Store Bypass: Vulnerable
[    0.207297] SRBDS: Unknown: Dependent on hypervisor status
[    0.209372] MDS: Mitigation: Clear CPU buffers
[    0.212755] Freeing SMP alternatives memory: 36K
[    0.218999] ftrace: allocating 32346 entries in 127 pages
[    0.273463] smpboot: APIC(0) Converting physical 0 to logical package 0
[    0.275936] smpboot: Max logical packages: 1
[    0.277079] x2apic enabled
[    0.277875] Switched APIC routing to physical x2apic.
[    0.279745] ..TIMER: vector=0x30 apic1=0 pin1=2 apic2=-1 pin2=-1
[    0.389487] smpboot: CPU0: Intel(R) Core(TM) i5-8279U CPU @ 2.40GHz (family: 0x6, model: 0x8e, stepping: 0xa)
[    0.393007] Performance Events: unsupported p6 CPU model 142 no PMU driver, software events only.
[    0.404252] KVM setup paravirtual spinlock
[    0.406135] x86: Booting SMP configuration:
[    0.407980] .... node  #0, CPUs:      #1
[    0.409568] kvm-clock: cpu 1, msr 0:3ffe3041, secondary cpu clock
[    0.424678] mce: CPU supports 0 MCE banks
[    0.428378] x86: Booted up 1 node, 2 CPUs
[    0.430414] smpboot: Total of 2 processors activated (9599.99 BogoMIPS)
[    0.432250] devtmpfs: initialized
[    0.434975] evm: security.selinux
[    0.436161] evm: security.SMACK64
[    0.436985] evm: security.SMACK64EXEC
[    0.437998] evm: security.SMACK64TRANSMUTE
[    0.438947] evm: security.SMACK64MMAP
[    0.439939] evm: security.ima
[    0.440627] evm: security.capability
[    0.442383] clocksource: jiffies: mask: 0xffffffff max_cycles: 0xffffffff, max_idle_ns: 7645041785100000 ns
[    0.444492] futex hash table entries: 512 (order: 3, 32768 bytes)
[    0.445952] pinctrl core: initialized pinctrl subsystem
[    0.447157] RTC time: 11:00:52, date: 03/12/21
[    0.448462] NET: Registered protocol family 16
[    0.461350] cpuidle: using governor ladder
[    0.473043] cpuidle: using governor menu
[    0.474255] PCCT header not found.
[    0.475126] ACPI: bus type PCI registered
[    0.476022] acpiphp: ACPI Hot Plug PCI Controller Driver version: 0.5
[    0.478840] PCI: Using configuration type 1 for base access
[    0.493785] ACPI: Added _OSI(Module Device)
[    0.496437] ACPI: Added _OSI(Processor Device)
[    0.497933] ACPI: Added _OSI(3.0 _SCP Extensions)
[    0.498943] ACPI: Added _OSI(Processor Aggregator Device)
[    0.500844] ACPI: Executed 1 blocks of module-level executable AML code
[    0.504759] ACPI: Interpreter enabled
[    0.505776] ACPI: (supports S0 S5)
[    0.506517] ACPI: Using IOAPIC for interrupt routing
[    0.507714] PCI: Using host bridge windows from ACPI; if necessary, use "pci=nocrs" and report a bug
[    0.515753] ACPI: PCI Root Bridge [PCI0] (domain 0000 [bus 00-ff])
[    0.517944] acpi PNP0A03:00: _OSC: OS supports [ASPM ClockPM Segments MSI]
[    0.519553] acpi PNP0A03:00: _OSC: not requesting OS control; OS requires [ExtendedConfig ASPM ClockPM MSI]
[    0.522327] acpi PNP0A03:00: fail to add MMCONFIG information, can't access extended PCI configuration space under this bridge.
[    0.526380] PCI host bridge to bus 0000:00
[    0.527321] pci_bus 0000:00: root bus resource [io  0x0000-0x0cf7 window]
[    0.529258] pci_bus 0000:00: root bus resource [io  0x0d00-0xffff window]
[    0.531077] pci_bus 0000:00: root bus resource [mem 0x000a0000-0x000bffff window]
[    0.532764] pci_bus 0000:00: root bus resource [mem 0x40000000-0xfdffffff window]
[    0.534479] pci_bus 0000:00: root bus resource [bus 00-ff]
[    0.538311] pci 0000:00:01.1: legacy IDE quirk: reg 0x10: [io  0x01f0-0x01f7]
[    0.541067] pci 0000:00:01.1: legacy IDE quirk: reg 0x14: [io  0x03f6]
[    0.543337] pci 0000:00:01.1: legacy IDE quirk: reg 0x18: [io  0x0170-0x0177]
[    0.556352] pci 0000:00:01.1: legacy IDE quirk: reg 0x1c: [io  0x0376]
[    0.570986] pci 0000:00:07.0: quirk: [io  0x4000-0x403f] claimed by PIIX4 ACPI
[    0.573075] pci 0000:00:07.0: quirk: [io  0x4100-0x410f] claimed by PIIX4 SMB
[    0.583951] ACPI: PCI Interrupt Link [LNKA] (IRQs 5 9 10 *11)
[    0.585652] ACPI: PCI Interrupt Link [LNKB] (IRQs 5 9 *10 11)
[    0.587159] ACPI: PCI Interrupt Link [LNKC] (IRQs 5 *9 10 11)
[    0.588682] ACPI: PCI Interrupt Link [LNKD] (IRQs 5 9 10 *11)
[    0.590283] ACPI: Enabled 2 GPEs in block 00 to 07
[    0.591660] vgaarb: setting as boot device: PCI:0000:00:02.0
[    0.593281] vgaarb: device added: PCI:0000:00:02.0,decodes=io+mem,owns=io+mem,locks=none
[    0.595123] vgaarb: loaded
[    0.595802] vgaarb: bridge control possible 0000:00:02.0
[    0.597350] SCSI subsystem initialized
[    0.598617] ACPI: bus type USB registered
[    0.599479] usbcore: registered new interface driver usbfs
[    0.602075] usbcore: registered new interface driver hub
[    0.603270] usbcore: registered new device driver usb
[    0.604761] PCI: Using ACPI for IRQ routing
[    0.606225] NetLabel: Initializing
[    0.607041] NetLabel:  domain hash size = 128
[    0.608028] NetLabel:  protocols = UNLABELED CIPSOv4
[    0.609017] NetLabel:  unlabeled traffic allowed by default
[    0.611007] amd_nb: Cannot enumerate AMD northbridges
[    0.613409] clocksource: Switched to clocksource kvm-clock
[    0.619945] AppArmor: AppArmor Filesystem Enabled
[    0.620971] pnp: PnP ACPI init
[    0.622818] pnp: PnP ACPI: found 3 devices
[    0.633467] clocksource: acpi_pm: mask: 0xffffff max_cycles: 0xffffff, max_idle_ns: 2085701024 ns
[    0.636042] NET: Registered protocol family 2
[    0.637205] TCP established hash table entries: 8192 (order: 4, 65536 bytes)
[    0.638786] TCP bind hash table entries: 8192 (order: 5, 131072 bytes)
[    0.640122] TCP: Hash tables configured (established 8192 bind 8192)
[    0.641807] UDP hash table entries: 512 (order: 2, 16384 bytes)
[    0.643243] UDP-Lite hash table entries: 512 (order: 2, 16384 bytes)
[    0.645501] NET: Registered protocol family 1
[    0.647384] pci 0000:00:00.0: Limiting direct PCI/PCI transfers
[    0.648846] pci 0000:00:01.0: Activating ISA DMA hang workarounds
[    0.651025] Unpacking initramfs...
[    0.855116] Freeing initrd memory: 14884K
[    0.856426] clocksource: tsc: mask: 0xffffffffffffffff max_cycles: 0x229835b7123, max_idle_ns: 440795242976 ns
[    0.858856] platform rtc_cmos: registered platform RTC device (no PNP device found)
[    0.860934] Scanning for low memory corruption every 60 seconds
[    0.862536] audit: initializing netlink subsys (disabled)
[    0.863911] audit: type=2000 audit(1615546858.512:1): initialized
[    0.865538] Initialise system trusted keyring
[    0.867263] HugeTLB registered 2 MB page size, pre-allocated 0 pages
[    0.869442] zbud: loaded
[    0.870592] VFS: Disk quotas dquot_6.6.0
[    0.871542] VFS: Dquot-cache hash table entries: 512 (order 0, 4096 bytes)
[    0.873254] squashfs: version 4.0 (2009/01/31) Phillip Lougher
[    0.874896] fuse init (API version 7.23)
[    0.875835] Key type big_key registered
[    0.876703] Allocating IMA MOK and blacklist keyrings.
[    0.879481] Key type asymmetric registered
[    0.880400] Asymmetric key parser 'x509' registered
[    0.881967] Block layer SCSI generic (bsg) driver version 0.4 loaded (major 249)
[    0.884056] io scheduler noop registered
[    0.885104] io scheduler deadline registered (default)
[    0.886226] io scheduler cfq registered
[    0.887232] pci_hotplug: PCI Hot Plug PCI Core version: 0.5
[    0.888458] pciehp: PCI Express Hot Plug Controller Driver version: 0.4
[    0.890519] ACPI: AC Adapter [AC] (on-line)
[    0.891457] input: Power Button as /devices/LNXSYSTM:00/LNXPWRBN:00/input/input0
[    0.893078] ACPI: Power Button [PWRF]
[    0.894106] input: Sleep Button as /devices/LNXSYSTM:00/LNXSLPBN:00/input/input1
[    0.895887] ACPI: Sleep Button [SLPF]
[    0.898134] ACPI: Battery Slot [BAT0] (battery present)
[    0.899709] GHES: HEST is not enabled!
[    0.900669] Serial: 8250/16550 driver, 32 ports, IRQ sharing enabled
[    0.923263] 00:02: ttyS0 at I/O 0x3f8 (irq = 4, base_baud = 115200) is a 16550A
[    0.926965] Linux agpgart interface v0.103
[    0.929503] loop: module loaded
[    0.931336] scsi host0: ata_piix
[    0.933168] scsi host1: ata_piix
[    0.934116] ata1: PATA max UDMA/33 cmd 0x1f0 ctl 0x3f6 bmdma 0xd000 irq 14
[    0.935801] ata2: PATA max UDMA/33 cmd 0x170 ctl 0x376 bmdma 0xd008 irq 15
[    0.937650] libphy: Fixed MDIO Bus: probed
[    0.938756] tun: Universal TUN/TAP device driver, 1.6
[    0.939890] tun: (C) 1999-2004 Max Krasnyansky <maxk@qualcomm.com>
[    0.941181] PPP generic driver version 2.4.2
[    0.942174] ehci_hcd: USB 2.0 'Enhanced' Host Controller (EHCI) Driver
[    0.943560] ehci-pci: EHCI PCI platform driver
[    0.944792] ehci-platform: EHCI generic platform driver
[    0.945955] ohci_hcd: USB 1.1 'Open' Host Controller (OHCI) Driver
[    0.947224] ohci-pci: OHCI PCI platform driver
[    0.948154] ohci-platform: OHCI generic platform driver
[    0.949791] uhci_hcd: USB Universal Host Controller Interface driver
[    0.951647] i8042: PNP: PS/2 Controller [PNP0303:PS2K,PNP0f03:PS2M] at 0x60,0x64 irq 1,12
[    0.954116] serio: i8042 KBD port at 0x60,0x64 irq 1
[    0.955159] serio: i8042 AUX port at 0x60,0x64 irq 12
[    0.956275] mousedev: PS/2 mouse device common for all mice
[    0.958035] input: AT Translated Set 2 keyboard as /devices/platform/i8042/serio0/input/input2
[    0.959819] rtc_cmos rtc_cmos: rtc core: registered rtc_cmos as rtc0
[    0.961203] rtc_cmos rtc_cmos: alarms up to one day, 114 bytes nvram
[    0.962496] i2c /dev entries driver
[    0.963348] device-mapper: uevent: version 1.0.3
[    0.964805] device-mapper: ioctl: 4.34.0-ioctl (2015-10-28) initialised: dm-devel@redhat.com
[    0.967631] ledtrig-cpu: registered to indicate activity on CPUs
[    0.969250] NET: Registered protocol family 10
[    0.970585] NET: Registered protocol family 17
[    0.971598] Key type dns_resolver registered
[    0.972721] registered taskstats version 1
[    0.973608] Loading compiled-in X.509 certificates
[    0.975232] Loaded X.509 cert 'Build time autogenerated kernel key: 34492021b4051d5295bb5f61ac4b8fe0de34ccb2'
[    0.977488] zswap: loaded using pool lzo/zbud
[    0.979929] Key type trusted registered
[    0.984210] Key type encrypted registered
[    0.985232] AppArmor: AppArmor sha1 policy hashing enabled
[    0.986437] ima: No TPM chip found, activating TPM-bypass!
[    0.987561] ima: Allocated hash algorithm: sha1
[    0.988506] evm: HMAC attrs: 0x1
[    0.989680]   Magic number: 13:10:24
[    0.990607] misc cpu_dma_latency: hash matches
[    0.991611] rtc_cmos rtc_cmos: setting system clock to 2021-03-12 11:00:53 UTC (1615546853)
[    0.993420] BIOS EDD facility v0.16 2004-Jun-25, 0 devices found
[    0.995022] EDD information not available.
[    1.119615] Freeing unused kernel memory: 1492K
[    1.121012] Write protecting the kernel read-only data: 14336k
[    1.122641] Freeing unused kernel memory: 1592K
[    1.123896] Freeing unused kernel memory: 64K
Loading, please wait...
starting version 229
[    1.136261] random: systemd-udevd: uninitialized urandom read (16 bytes read, 3 bits of entropy available)
[    1.136708] random: udevadm: uninitialized urandom read (16 bytes read, 3 bits of entropy available)
[    1.136733] random: udevadm: uninitialized urandom read (16 bytes read, 3 bits of entropy available)
[    1.142460] random: systemd-udevd: uninitialized urandom read (16 bytes read, 3 bits of entropy available)
[    1.144439] random: udevadm: uninitialized urandom read (16 bytes read, 3 bits of entropy available)
[    1.144526] random: udevadm: uninitialized urandom read (16 bytes read, 3 bits of entropy available)
[    1.144710] random: udevadm: uninitialized urandom read (16 bytes read, 3 bits of entropy available)
[    1.144781] random: udevadm: uninitialized urandom read (16 bytes read, 3 bits of entropy available)
[    1.144911] random: udevadm: uninitialized urandom read (16 bytes read, 3 bits of entropy available)
[    1.144979] random: udevadm: uninitialized urandom read (16 bytes read, 3 bits of entropy available)
[    1.202273] e1000: Intel(R) PRO/1000 Network Driver - version 7.3.21-k8-NAPI
[    1.204066] e1000: Copyright (c) 1999-2006 Intel Corporation.
[    1.205484] Fusion MPT base driver 3.04.20
[    1.206765] Copyright (c) 1999-2008 LSI Corporation
[    1.222146] Fusion MPT SPI Host driver 3.04.20
[    1.226383] AVX2 version of gcm_enc/dec engaged.
[    1.228103] AES CTR mode by8 optimization enabled
[    1.429741] input: ImExPS/2 Generic Explorer Mouse as /devices/platform/i8042/serio1/input/input4
[    1.612035] e1000 0000:00:03.0 eth0: (PCI:33MHz:32-bit) 02:8b:9b:7c:43:4a
[    1.613675] e1000 0000:00:03.0 eth0: Intel(R) PRO/1000 Network Connection
[    2.279160] e1000 0000:00:08.0 eth1: (PCI:33MHz:32-bit) 08:00:27:1a:08:50
[    2.280500] e1000 0000:00:08.0 eth1: Intel(R) PRO/1000 Network Connection
[    2.283207] mptbase: ioc0: Initiating bringup
[    2.285536] e1000 0000:00:03.0 enp0s3: renamed from eth0
[    2.298151] e1000 0000:00:08.0 enp0s8: renamed from eth1
[    2.354157] ioc0: LSI53C1030 A0: Capabilities={Initiator}
[    2.521313] scsi host2: ioc0: LSI53C1030 A0, FwRev=00000000h, Ports=1, MaxQ=256, IRQ=20
[    2.638181] scsi 2:0:0:0: Direct-Access     VBOX     HARDDISK         1.0  PQ: 0 ANSI: 5
[    2.640283] scsi target2:0:0: Beginning Domain Validation
[    2.644110] scsi target2:0:0: Domain Validation skipping write tests
[    2.645646] scsi target2:0:0: Ending Domain Validation
[    2.646981] scsi target2:0:0: asynchronous
[    2.648572] scsi 2:0:1:0: Direct-Access     VBOX     HARDDISK         1.0  PQ: 0 ANSI: 5
[    2.658855] scsi target2:0:1: Beginning Domain Validation
[    2.662663] scsi target2:0:1: Domain Validation skipping write tests
[    2.664148] scsi target2:0:1: Ending Domain Validation
[    2.665358] scsi target2:0:1: asynchronous
[    2.671088] sd 2:0:0:0: Attached scsi generic sg0 type 0
[    2.672325] sd 2:0:0:0: [sda] 20971520 512-byte logical blocks: (10.7 GB/10.0 GiB)
[    2.674565] sd 2:0:1:0: [sdb] 20480 512-byte logical blocks: (10.5 MB/10.0 MiB)
[    2.674802] sd 2:0:1:0: Attached scsi generic sg1 type 0
[    2.678367] sd 2:0:0:0: [sda] Write Protect is off
[    2.678597] sd 2:0:1:0: [sdb] Write Protect is off
[    2.678711] sd 2:0:1:0: [sdb] Incomplete mode parameter data
[    2.678712] sd 2:0:1:0: [sdb] Assuming drive cache: write through
[    2.683279] sd 2:0:0:0: [sda] Incomplete mode parameter data
[    2.684503] sd 2:0:0:0: [sda] Assuming drive cache: write through
[    2.687745]  sda: sda1
[    2.688826] sd 2:0:0:0: [sda] Attached SCSI disk
[    2.690902] sd 2:0:1:0: [sdb] Attached SCSI disk
Begin: Loading essential drivers ... [    3.967810] md: linear personality registered for level -1
[    3.971999] md: multipath personality registered for level -4
[    3.976479] md: raid0 personality registered for level 0
[    3.980841] md: raid1 personality registered for level 1
[    4.053820] raid6: sse2x1   gen() 10395 MB/s
[    4.122009] raid6: sse2x1   xor()  8473 MB/s
[    4.189769] raid6: sse2x2   gen() 14112 MB/s
[    4.257758] raid6: sse2x2   xor()  9437 MB/s
[    4.326015] raid6: sse2x4   gen() 15983 MB/s
[    4.393475] raid6: sse2x4   xor() 10852 MB/s
[    4.461502] raid6: avx2x1   gen() 18646 MB/s
[    4.529539] raid6: avx2x2   gen() 24258 MB/s
[    4.597791] raid6: avx2x4   gen() 26380 MB/s
[    4.598949] raid6: using algorithm avx2x4 gen() 26380 MB/s
[    4.600103] raid6: using avx2x2 recovery algorithm
[    4.603380] xor: automatically using best checksumming function:
[    4.641425]    avx       : 24121.000 MB/sec
[    4.644003] async_tx: api initialized (async)
[    4.653369] md: raid6 personality registered for level 6
[    4.655516] md: raid5 personality registered for level 5
[    4.657747] md: raid4 personality registered for level 4
[    4.665144] md: raid10 personality registered for level 10
done.
Begin: Running /scripts/init-premount ... done.
Begin: Mounting root file system ... Begin: Running /scripts/local-top ... done.
Begin: Running /scripts/local-premount ... [    4.695389] Btrfs loaded
Scanning for Btrfs filesystems
done.
Warning: fsck not present, so skipping root file system
[    4.722978] EXT4-fs (sda1): INFO: recovery required on readonly filesystem
[    4.724432] EXT4-fs (sda1): write access will be enabled during recovery
[    4.808368] EXT4-fs (sda1): orphan cleanup on readonly fs
[    4.812146] EXT4-fs (sda1): 6 orphan inodes deleted
[    4.813771] EXT4-fs (sda1): recovery complete
[    4.815313] EXT4-fs (sda1): mounted filesystem with ordered data mode. Opts: (null)
done.
Begin: Running /scripts/local-bottom ... done.
Begin: Running /scripts/init-bottom ... done.
[    4.923163] systemd[1]: systemd 229 running in system mode. (+PAM +AUDIT +SELINUX +IMA +APPARMOR +SMACK +SYSVINIT +UTMP +LIBCRYPTSETUP +GCRYPT +GNUTLS +ACL +XZ -LZ4 +SECCOMP +BLKID +ELFUTILS +KMOD -IDN)
[    4.927412] systemd[1]: Detected virtualization oracle.
[    4.929340] systemd[1]: Detected architecture x86-64.

Welcome to [1mUbuntu 16.04.7 LTS[0m!

[    4.935322] systemd[1]: Set hostname to <ubuntu-xenial>.
[    5.084952] systemd[1]: Started Forward Password Requests to Wall Directory Watch.
[[0;32m  OK  [0m] Started Forward Password Requests to Wall Directory Watch.
[    5.088101] systemd[1]: Listening on LVM2 metadata daemon socket.
[[0;32m  OK  [0m] Listening on LVM2 metadata daemon socket.
[    5.090948] systemd[1]: Listening on /dev/initctl Compatibility Named Pipe.
[[0;32m  OK  [0m] Listening on /dev/initctl Compatibility Named Pipe.
[    5.093809] systemd[1]: Set up automount Arbitrary Executable File Formats File System Automount Point.
[[0;32m  OK  [0m] Set up automount Arbitrary Executab...ats File System Automount Point.
[    5.099431] systemd[1]: Listening on Journal Socket.
[[0;32m  OK  [0m] Listening on Journal Socket.
[    5.102502] systemd[1]: Listening on Journal Audit Socket.
[[0;32m  OK  [0m] Listening on Journal Audit Socket.
[    5.110187] systemd[1]: Listening on udev Control Socket.
[[0;32m  OK  [0m] Listening on udev Control Socket.
[    5.113265] systemd[1]: Reached target User and Group Name Lookups.
[[0;32m  OK  [0m] Reached target User and Group Name Lookups.
[    5.117312] systemd[1]: Listening on Device-mapper event daemon FIFOs.
[[0;32m  OK  [0m] Listening on Device-mapper event daemon FIFOs.
[    5.120555] systemd[1]: Listening on Journal Socket (/dev/log).
[[0;32m  OK  [0m] Listening on Journal Socket (/dev/log).
[    5.123067] systemd[1]: Reached target Swap.
[[0;32m  OK  [0m] Reached target Swap.
[    5.125399] systemd[1]: Listening on udev Kernel Socket.
[[0;32m  OK  [0m] Listening on udev Kernel Socket.
[    5.127538] systemd[1]: Reached target System Time Synchronized.
[[0;32m  OK  [0m] Reached target System Time Synchronized.
[    5.138149] systemd[1]: Started Trigger resolvconf update for networkd DNS.
[[0;32m  OK  [0m] Started Trigger resolvconf update for networkd DNS.
[    5.141271] systemd[1]: Listening on LVM2 poll daemon socket.
[[0;32m  OK  [0m] Listening on LVM2 poll daemon socket.
[    5.144857] systemd[1]: Created slice System Slice.
[[0;32m  OK  [0m] Created slice System Slice.
[    5.166097] systemd[1]: Starting Set console keymap...
         Starting Set console keymap...
[    5.168833] systemd[1]: Created slice system-serial\x2dgetty.slice.
[[0;32m  OK  [0m] Created slice system-serial\x2dgetty.slice.
[    5.172864] systemd[1]: Starting Nameserver information manager...
         Starting Nameserver information manager...
[    5.176816] systemd[1]: Starting Monitoring of LVM2 mirrors, snapshots etc. using dmeventd or progress polling...
         Starting Monitoring of LVM2 mirrors... dmeventd or progress polling...
[    5.185562] systemd[1]: Starting Load Kernel Modules...
         Starting Load Kernel Modules...
[    5.188375] systemd[1]: Starting Uncomplicated firewall...
         Starting Uncomplicated firewall...
[    5.193509] systemd[1]: Mounting Huge Pages File System...
         Mounting Huge Pages File System...
[    5.200566] systemd[1]: Mounting POSIX Message Queue File System...
[    5.203728] Loading iSCSI transport class v2.0-870.
         Mounting POSIX Message Queue File System...
[    5.206564] systemd[1]: Reached target Encrypted Volumes.
[[0;32m  OK  [0m] Reached target Encrypted Volumes.
[    5.209931] systemd[1]: Created slice User and Session Slice.
[[0;32m  OK  [0m] Created slice User and Session Slice.
[    5.212989] systemd[1]: Reached target Slices.
[    5.214911] iscsi: registered transport (tcp)
[[0;32m  OK  [0m] Reached target Slices.
[    5.217807] systemd[1]: Starting Create list of required static device nodes for the current kernel...
         Starting Create list of required st... nodes for the current kernel...
[    5.222160] systemd[1]: Starting Remount Root and Kernel File Systems...
         Starting Remount Root and Kernel File Systems...
[    5.226185] systemd[1]: Mounting Debug File System...
         Mounting Debug File System...
[    5.229510] systemd[1]: Listening on Syslog Socket.
[[0;32m  OK  [0m] Listening on Syslog Socket.
[    5.234572] systemd[1]: Starting Journal Service...
[    5.237643] EXT4-fs (sda1): re-mounted. Opts: (null)
         Starting Journal Service...
[    5.241836] systemd[1]: Mounted POSIX Message Queue File System.
[[0;32m  OK  [0m] Mounted POSIX Message Queue File System.
[    5.253601] systemd[1]: Mounted Debug File System.
[[0;32m  OK  [0m] Mounted Debug File System.
[    5.255709] systemd[1]: Mounted Huge Pages File System.
[[0;32m  OK  [0m] Mounted Huge Pages File System.
[    5.269314] iscsi: registered transport (iser)
[    5.275034] systemd[1]: Started Load Kernel Modules.
[[0;32m  OK  [0m] Started Load Kernel Modules.
[    5.281332] systemd[1]: Started Uncomplicated firewall.
[[0;32m  OK  [0m] Started Uncomplicated firewall.
[    5.284577] systemd[1]: Started Create list of required static device nodes for the current kernel.
[[0;32m  OK  [0m] Started Create list of required sta...ce nodes for the current kernel.
[    5.289727] systemd[1]: Started Set console keymap.
[[0;32m  OK  [0m] Started Set console keymap.
[    5.292387] systemd[1]: Started Remount Root and Kernel File Systems.
[[0;32m  OK  [0m] Started Remount Root and Kernel File Systems.
[    5.305882] systemd[1]: Started Nameserver information manager.
[[0;32m  OK  [0m] Started Nameserver information manager.
[    5.316565] systemd[1]: Started Journal Service.
[[0;32m  OK  [0m] Started Journal Service.
[[0;32m  OK  [0m] Started LVM2 metadata daemon.
         Starting Load/Save Random Seed...
         Starting udev Coldplug all Devices...
         Starting Flush Journal to Persistent Storage...
         Starting Create Static Device Nodes in /dev...
         Mounting FUSE Control File System...
         Starting Apply Kernel Variables...
[[0;32m  OK  [0m] Mounted FUSE Control File System.
[[0;32m  OK  [0m] Started Load/Save Random Seed.
[[0;32m  OK  [0m] Started Apply Kernel Variables.
[[0;32m  OK  [0m] Started Create Static Device Nodes in /dev.
         Starting udev Kernel Device Manager...
[[0;32m  OK  [0m] Started Flush Journal to Persistent Storage.
[[0;32m  OK  [0m] Started udev Coldplug all Devices.
[[0;32m  OK  [0m] Started udev Kernel Device Manager.
[[0;32m  OK  [0m] Started Dispatch Password Requests to Console Directory Watch.
[[0;32m  OK  [0m] Found device /dev/ttyS0.
[[0;32m  OK  [0m] Listening on Load/Save RF Kill Switch Status /dev/rfkill Watch.
[[0;32m  OK  [0m] Found device 82540EM Gigabit Ethern...r (PRO/1000 MT Desktop Adapter).
[[0;32m  OK  [0m] Found device 82540EM Gigabit Ethern...r (PRO/1000 MT Desktop Adapter).
[[0;32m  OK  [0m] Started Monitoring of LVM2 mirrors,...ng dmeventd or progress polling.
[[0;32m  OK  [0m] Reached target Local File Systems (Pre).
         Mounting /vagrant...
[[0;32m  OK  [0m] Reached target Local File Systems.
         Starting Create Volatile Files and Directories...
         Starting Tell Plymouth To Write Out Runtime Data...
         Starting LSB: AppArmor initialization...
         Starting Initial cloud-init job (pre-networking)...
         Starting Set console font and keymap...
         Mounting /var/www/html...
[[0;1;31mFAILED[0m] Failed to mount /vagrant.
See 'systemctl status vagrant.mount' for details.
[[0;32m  OK  [0m] Started Create Volatile Files and Directories.
[[0;32m  OK  [0m] Started Tell Plymouth To Write Out Runtime Data.
[[0;1;31mFAILED[0m] Failed to mount /var/www/html.
See 'systemctl status var-www-html.mount' for details.
         Starting Update UTMP about System Boot/Shutdown...
[[0;32m  OK  [0m] Started Update UTMP about System Boot/Shutdown.
[[0;32m  OK  [0m] Started LSB: AppArmor initialization.
         Starting Load AppArmor profiles managed internally by snapd...
[[0;32m  OK  [0m] Started Load AppArmor profiles managed internally by snapd.
[[0;32m  OK  [0m] Started Set console font and keymap.
[[0;32m  OK  [0m] Created slice system-getty.slice.
[    6.789594] cloud-init[650]: Cloud-init v. 20.3-2-g371b392c-0ubuntu1~16.04.1 running 'init-local' at Fri, 12 Mar 2021 11:00:59 +0000. Up 6.56 seconds.
[[0;32m  OK  [0m] Started Initial cloud-init job (pre-networking).
[[0;32m  OK  [0m] Reached target Network (Pre).
         Starting Raise network interfaces...
[[0;32m  OK  [0m] Started ifup for enp0s3.
[[0;32m  OK  [0m] Started ifup for enp0s8.
[[0;32m  OK  [0m] Started Raise network interfaces.
         Starting Initial cloud-init job (metadata service crawler)...
[[0;32m  OK  [0m] Reached target Network.
[    7.566697] cloud-init[1084]: Cloud-init v. 20.3-2-g371b392c-0ubuntu1~16.04.1 running 'init' at Fri, 12 Mar 2021 11:01:00 +0000. Up 7.30 seconds.
[    7.576967] cloud-init[1084]: ci-info: ++++++++++++++++++++++++++++++++++++++Net device info++++++++++++++++++++++++++++++++++++++
[    7.579634] cloud-init[1084]: ci-info: +--------+------+----------------------------+---------------+--------+-------------------+
[    7.588849] cloud-init[1084]: ci-info: | Device |  Up  |          Address           |      Mask     | Scope  |     Hw-Address    |
[    7.590642] cloud-init[1084]: ci-info: +--------+------+----------------------------+---------------+--------+-------------------+
[    7.593946] cloud-init[1084]: ci-info: | enp0s3 | True |         10.0.2.15          | 255.255.255.0 | global | 02:8b:9b:7c:43:4a |
[    7.600949] cloud-init[1084]: ci-info: | enp0s3 | True | fe80::8b:9bff:fe7c:434a/64 |       .       |  link  | 02:8b:9b:7c:43:4a |
[    7.608946] cloud-init[1084]: ci-info: | enp0s8 | True |       192.168.33.10        | 255.255.255.0 | global | 08:00:27:1a:08:50 |
[    7.611523] cloud-init[1084]: ci-info: | enp0s8 | True | fe80::a00:27ff:fe1a:850/64 |       .       |  link  | 08:00:27:1a:08:50 |
[    7.620390] cloud-init[1084]: ci-info: |   lo   | True |         127.0.0.1          |   255.0.0.0   |  host  |         .         |
[    7.622061] cloud-init[1084]: ci-info: |   lo   | True |          ::1/128           |       .       |  host  |         .         |
[    7.623617] cloud-init[1084]: ci-info: +--------+------+----------------------------+---------------+--------+-------------------+
[    7.625864] cloud-init[1084]: ci-info: ++++++++++++++++++++++++++++Route IPv4 info++++++++++++++++++++++++++++
[    7.628745] cloud-init[1084]: ci-info: +-------+--------------+----------+---------------+-----------+-------+
[    7.631868] cloud-init[1084]: ci-info: | Route | Destination  | Gateway  |    Genmask    | Interface | Flags |
[[0;32m  OK  [0m] Started Initial cloud-init job (metadata service crawler).
[[0;32m  OK  [0m] Reached target System Initialization.
[    7.646292] cloud-init[1084]: ci-info: +-------+--------------+----------+---------------+-----------+-------+
[    7.650813] cloud-init[1084]: ci-info: |   0   |   0.0.0.0    | 10.0.2.2 |    0.0.0.0    |   enp0s3  |   UG  |
[    7.652768] cloud-init[1084]: ci-info: |   1   |   10.0.2.0   | 0.0.0.0  | 255.255.255.0 |   enp0s3  |   U   |
[[0;32m  OK  [0m] Started Clean PHP session files every 30 mins.
[    7.657214] cloud-init[1084]: ci-info: |   2   | 192.168.33.0 | 0.0.0.0  | 255.255.255.0 |   enp0s8  |   U   |
[    7.660004] cloud-init[1084]: ci-info: +-------+--------------+----------+---------------+-----------+-------+
[    7.661448] cloud-init[1084]: ci-info: +++++++++++++++++++Route IPv6 info+++++++++++++++++++
[    7.662677] cloud-init[1084]: ci-info: +-------+-------------+---------+-----------+-------+
         Starting LXD - unix socket.
[[0;32m  OK  [0m] Listening on UUID daemon activation socket.
[[0;32m  OK  [0m] Started Daily apt download activities.
[[0;32m  OK  [0m] Started Daily apt upgrade and clean activities.
[    7.669276] cloud-init[1084]: ci-info: | Route | Destination | Gateway | Interface | Flags |
[    7.677861] cloud-init[1084]: ci-info: +-------+-------------+---------+-----------+-------+
[[0;32m  OK  [0m] Started Daily Cleanup of Temporary Directories.
[[0;32m  OK  [0m] Started Message of the Day.
[    7.682406] cloud-init[1084]: ci-info: |   0   |  fe80::/64  |    ::   |   enp0s3  |   U   |
[    7.686122] cloud-init[1084]: ci-info: |   1   |  fe80::/64  |    ::   |   enp0s8  |   U   |
[    7.692596] cloud-init[1084]: ci-info: |   4   |   ff00::/8  |    ::   |   enp0s3  |   U   |
[    7.696848] cloud-init[1084]: ci-info: |   5   |   ff00::/8  |    ::   |   enp0s8  |   U   |
[[0;32m  OK  [0m] Started ACPI Events Check.
[[0;32m  OK  [0m] Reached target Paths.
[[0;32m  OK  [0m] Listening on ACPID Listen Socket.
[[0;32m  OK  [0m] Reached target Timers.
[    7.702245] cloud-init[1084]: ci-info: +-------+-------------+---------+-----------+-------+
[[0;32m  OK  [0m] Listening on D-Bus System Message Bus Socket.
         Starting Socket activation for snappy daemon.
[[0;32m  OK  [0m] Reached target Cloud-config availability.
[[0;32m  OK  [0m] Reached target Network is Online.
         Starting iSCSI initiator daemon (iscsid)...
[[0;32m  OK  [0m] Listening on LXD - unix socket.
[[0;32m  OK  [0m] Listening on Socket activation for snappy daemon.
[[0;32m  OK  [0m] Reached target Sockets.
[[0;32m  OK  [0m] Reached target Basic System.
[[0;32m  OK  [0m] Started D-Bus System Message Bus.
         Starting Accounts Service...
[[0;32m  OK  [0m] Started ACPI event daemon.
         Starting /etc/rc.local Compatibility...
         Starting LSB: MD monitoring daemon...
         Starting Virtualbox guest utils...
         Starting MySQL Community Server...
         Starting Snap Daemon...
[[0;32m  OK  [0m] Started Deferred execution scheduler.
         Starting Login Service...
         Starting OpenBSD Secure Shell server...
[[0;32m  OK  [0m] Started FUSE filesystem for LXC.
[[0;32m  OK  [0m] Started Regular background program processing daemon.
         Starting System Logging Service...
         Starting LSB: Record successful boot for GRUB...
         Starting LXD - container startup/shutdown...
[[0;32m  OK  [0m] Started /etc/rc.local Compatibility.
[[0;32m  OK  [0m] Started Login Service.
[[0;32m  OK  [0m] Started iSCSI initiator daemon (iscsid).
         Starting Login to default iSCSI targets...
[[0;32m  OK  [0m] Started Unattended Upgrades Shutdown.
         Starting Authenticate and Authorize Users to Run Privileged Tasks...
[[0;32m  OK  [0m] Started Login to default iSCSI targets.
[[0;32m  OK  [0m] Reached target Remote File Systems (Pre).
[[0;32m  OK  [0m] Reached target Remote File Systems.
         Starting LSB: Set the CPU Frequency Scaling governor to "ondemand"...
         Starting LSB: Apache2 web server...
         Starting Permit User Sessions...
         Starting LSB: automatic crash report generation...
         Starting LSB: daemon to balance interrupts for SMP systems...
[[0;32m  OK  [0m] Started System Logging Service.
[[0;32m  OK  [0m] Started OpenBSD Secure Shell server.
[[0;32m  OK  [0m] Started LSB: MD monitoring daemon.
[[0;32m  OK  [0m] Started LSB: Record successful boot for GRUB.
[[0;32m  OK  [0m] Started Permit User Sessions.
[[0;32m  OK  [0m] Started Authenticate and Authorize Users to Run Privileged Tasks.
[[0;32m  OK  [0m] Started Accounts Service.
         Starting Terminate Plymouth Boot Screen...
         Starting Hold until boot process finishes up...
[[0;32m  OK  [0m] Started LSB: Set the CPU Frequency Scaling governor to "ondemand".
[[0;32m  OK  [0m] Started LSB: daemon to balance interrupts for SMP systems.
[[0;32m  OK  [0m] Started Terminate Plymouth Boot Screen.
[[0;32m  OK  [0m] Started Hold until boot process finishes up.
[[0;32m  OK  [0m] Started Getty on tty1.
[[0;32m  OK  [0m] Started Serial Getty on ttyS0.
[[0;32m  OK  [0m] Reached target Login Prompts.
         Starting Set console scheme...
[[0;32m  OK  [0m] Started Set console scheme.
[[0;32m  OK  [0m] Started LSB: automatic crash report generation.
[[0;32m  OK  [0m] Started LXD - container startup/shutdown.
[[0;32m  OK  [0m] Started Virtualbox guest utils.
[[0;32m  OK  [0m] Started Snap Daemon.
         Starting Wait until snapd is fully seeded...
[[0;32m  OK  [0m] Started Wait until snapd is fully seeded.
         Starting Apply the settings specified in cloud-config...
[    8.774385] cloud-init[1386]: Cloud-init v. 20.3-2-g371b392c-0ubuntu1~16.04.1 running 'modules:config' at Fri, 12 Mar 2021 11:01:01 +0000. Up 8.67 seconds.
[[0;32m  OK  [0m] Started Apply the settings specified in cloud-config.
[[0;32m  OK  [0m] Started MySQL Community Server.
[[0;32m  OK  [0m] Started LSB: Apache2 web server.
[[0;32m  OK  [0m] Reached target Multi-User System.
         Starting Execute cloud user/final scripts...
[[0;32m  OK  [0m] Reached target Graphical Interface.
         Starting Update UTMP about System Runlevel Changes...
[[0;32m  OK  [0m] Started Update UTMP about System Runlevel Changes.
[    9.786518] cloud-init[1441]: Cloud-init v. 20.3-2-g371b392c-0ubuntu1~16.04.1 running 'modules:final' at Fri, 12 Mar 2021 11:01:02 +0000. Up 9.69 seconds.
[    9.796960] cloud-init[1441]: Cloud-init v. 20.3-2-g371b392c-0ubuntu1~16.04.1 finished at Fri, 12 Mar 2021 11:01:02 +0000. Datasource DataSourceNoCloud [seed=/dev/sdb][dsmode=net].  Up 9.77 seconds
[[0;32m  OK  [0m] Started Execute cloud user/final scripts.
[[0;32m  OK  [0m] Reached target Cloud-init target.

Ubuntu 16.04.7 LTS ubuntu-xenial ttyS0

ubuntu-xenial login: 